Using device: cuda, AMP: True
Model: edgesr, Parameters: 1,436,931
Epoch [1/600] Loss: 0.019754
Epoch [2/600] Loss: 0.015540
Epoch [3/600] Loss: 0.014788
Epoch [4/600] Loss: 0.014513
Epoch [5/600] Loss: 0.014112
Epoch [6/600] Loss: 0.013990
Epoch [7/600] Loss: 0.013760
Epoch [8/600] Loss: 0.013451
Epoch [9/600] Loss: 0.013120
Epoch [10/600] Loss: 0.012929
Epoch [11/600] Loss: 0.012835
Epoch [12/600] Loss: 0.012656
Epoch [13/600] Loss: 0.012428
Epoch [14/600] Loss: 0.012289
Epoch [15/600] Loss: 0.012107
Epoch [16/600] Loss: 0.012026
Epoch [17/600] Loss: 0.011839
Epoch [18/600] Loss: 0.011721
Epoch [19/600] Loss: 0.011603
Epoch [20/600] Loss: 0.011534
Epoch [21/600] Loss: 0.011485
Epoch [22/600] Loss: 0.011298
Epoch [23/600] Loss: 0.011224
Epoch [24/600] Loss: 0.011311
Epoch [25/600] Loss: 0.011218
Epoch [26/600] Loss: 0.011095
Epoch [27/600] Loss: 0.011182
Epoch [28/600] Loss: 0.010964
Epoch [29/600] Loss: 0.011034
Epoch [30/600] Loss: 0.010949
Epoch [31/600] Loss: 0.011022
Epoch [32/600] Loss: 0.010982
Epoch [33/600] Loss: 0.010905
Epoch [34/600] Loss: 0.010822
Epoch [35/600] Loss: 0.010904
Epoch [36/600] Loss: 0.010835
Epoch [37/600] Loss: 0.010792
Epoch [38/600] Loss: 0.010692
Epoch [39/600] Loss: 0.010808
Epoch [40/600] Loss: 0.010795
Epoch [41/600] Loss: 0.010733
Epoch [42/600] Loss: 0.010635
Epoch [43/600] Loss: 0.010605
Epoch [44/600] Loss: 0.010634
Epoch [45/600] Loss: 0.010728
Epoch [46/600] Loss: 0.010665
Epoch [47/600] Loss: 0.010661
Epoch [48/600] Loss: 0.010593
Epoch [49/600] Loss: 0.010560
Epoch [50/600] Loss: 0.010551 | Val PSNR: 41.6163
  New best model saved (PSNR: 41.6163)
Epoch [51/600] Loss: 0.010585
Epoch [52/600] Loss: 0.010639
Epoch [53/600] Loss: 0.010564
Epoch [54/600] Loss: 0.010550
Epoch [55/600] Loss: 0.010541
Epoch [56/600] Loss: 0.010545
Epoch [57/600] Loss: 0.010530
Epoch [58/600] Loss: 0.010459
Epoch [59/600] Loss: 0.010517
Epoch [60/600] Loss: 0.010474
Epoch [61/600] Loss: 0.010308
Epoch [62/600] Loss: 0.010457
Epoch [63/600] Loss: 0.010403
Epoch [64/600] Loss: 0.010454
Epoch [65/600] Loss: 0.010457
Epoch [66/600] Loss: 0.010370
Epoch [67/600] Loss: 0.010466
Epoch [68/600] Loss: 0.010410
Epoch [69/600] Loss: 0.010362
Epoch [70/600] Loss: 0.010423
Epoch [71/600] Loss: 0.010326
Epoch [72/600] Loss: 0.010474
Epoch [73/600] Loss: 0.010308
Epoch [74/600] Loss: 0.010337
Epoch [75/600] Loss: 0.010392
Epoch [76/600] Loss: 0.010426
Epoch [77/600] Loss: 0.010448
Epoch [78/600] Loss: 0.010378
Epoch [79/600] Loss: 0.010383
Epoch [80/600] Loss: 0.010358
Epoch [81/600] Loss: 0.010394
Epoch [82/600] Loss: 0.010272
Epoch [83/600] Loss: 0.010305
Epoch [84/600] Loss: 0.010265
Epoch [85/600] Loss: 0.010338
Epoch [86/600] Loss: 0.010182
Epoch [87/600] Loss: 0.010140
Epoch [88/600] Loss: 0.010294
Epoch [89/600] Loss: 0.010353
Epoch [90/600] Loss: 0.010283
Epoch [91/600] Loss: 0.010259
Epoch [92/600] Loss: 0.010227
Epoch [93/600] Loss: 0.010259
Epoch [94/600] Loss: 0.010203
Epoch [95/600] Loss: 0.010251
Epoch [96/600] Loss: 0.010277
Epoch [97/600] Loss: 0.010229
Epoch [98/600] Loss: 0.010250
Epoch [99/600] Loss: 0.010153
Epoch [100/600] Loss: 0.010262 | Val PSNR: 42.2356
  New best model saved (PSNR: 42.2356)
Epoch [101/600] Loss: 0.010162
Epoch [102/600] Loss: 0.010257
Epoch [103/600] Loss: 0.010188
Epoch [104/600] Loss: 0.010165
Epoch [105/600] Loss: 0.010273
Epoch [106/600] Loss: 0.010185
Epoch [107/600] Loss: 0.010205
Epoch [108/600] Loss: 0.010195
Epoch [109/600] Loss: 0.010143
Epoch [110/600] Loss: 0.010210
Epoch [111/600] Loss: 0.010159
Epoch [112/600] Loss: 0.010213
Epoch [113/600] Loss: 0.010180
Epoch [114/600] Loss: 0.010175
Epoch [115/600] Loss: 0.010161
Epoch [116/600] Loss: 0.010193
Epoch [117/600] Loss: 0.010148
Epoch [118/600] Loss: 0.010211
Epoch [119/600] Loss: 0.010158
Epoch [120/600] Loss: 0.010150
Epoch [121/600] Loss: 0.010158
Epoch [122/600] Loss: 0.010178
Epoch [123/600] Loss: 0.010141
Epoch [124/600] Loss: 0.010147
Epoch [125/600] Loss: 0.010207
Epoch [126/600] Loss: 0.010138
Epoch [127/600] Loss: 0.010094
Epoch [128/600] Loss: 0.010100
Epoch [129/600] Loss: 0.010093
Epoch [130/600] Loss: 0.010103
Epoch [131/600] Loss: 0.010174
Epoch [132/600] Loss: 0.010177
Epoch [133/600] Loss: 0.010148
Epoch [134/600] Loss: 0.010063
Epoch [135/600] Loss: 0.010189
Epoch [136/600] Loss: 0.010169
Epoch [137/600] Loss: 0.010116
Epoch [138/600] Loss: 0.010098
Epoch [139/600] Loss: 0.009997
Epoch [140/600] Loss: 0.010049
Epoch [141/600] Loss: 0.010102
Epoch [142/600] Loss: 0.010094
Epoch [143/600] Loss: 0.010121
Epoch [144/600] Loss: 0.010148
Epoch [145/600] Loss: 0.010087
Epoch [146/600] Loss: 0.010165
Epoch [147/600] Loss: 0.010043
Epoch [148/600] Loss: 0.010136
Epoch [149/600] Loss: 0.010157
Epoch [150/600] Loss: 0.010110 | Val PSNR: 42.3243
  New best model saved (PSNR: 42.3243)
Epoch [151/600] Loss: 0.010091
Epoch [152/600] Loss: 0.010087
Epoch [153/600] Loss: 0.010051
Epoch [154/600] Loss: 0.010026
Epoch [155/600] Loss: 0.010131
Epoch [156/600] Loss: 0.010220
Epoch [157/600] Loss: 0.010016
Epoch [158/600] Loss: 0.010083
Epoch [159/600] Loss: 0.010155
Epoch [160/600] Loss: 0.010085
Epoch [161/600] Loss: 0.010064
Epoch [162/600] Loss: 0.010213
Epoch [163/600] Loss: 0.010078
Epoch [164/600] Loss: 0.010094
Epoch [165/600] Loss: 0.010072
Epoch [166/600] Loss: 0.010018
Epoch [167/600] Loss: 0.010028
Epoch [168/600] Loss: 0.010123
Epoch [169/600] Loss: 0.010125
Epoch [170/600] Loss: 0.010097
Epoch [171/600] Loss: 0.010052
Epoch [172/600] Loss: 0.009978
Epoch [173/600] Loss: 0.010096
Epoch [174/600] Loss: 0.009989
Epoch [175/600] Loss: 0.010017
Epoch [176/600] Loss: 0.010101
Epoch [177/600] Loss: 0.009981
Epoch [178/600] Loss: 0.009998
Epoch [179/600] Loss: 0.010067
Epoch [180/600] Loss: 0.010054
Epoch [181/600] Loss: 0.010013
Epoch [182/600] Loss: 0.010090
Epoch [183/600] Loss: 0.010043
Epoch [184/600] Loss: 0.010071
Epoch [185/600] Loss: 0.010016
Epoch [186/600] Loss: 0.010013
Epoch [187/600] Loss: 0.010010
Epoch [188/600] Loss: 0.009989
Epoch [189/600] Loss: 0.010076
Epoch [190/600] Loss: 0.009946
Epoch [191/600] Loss: 0.010076
Epoch [192/600] Loss: 0.010086
Epoch [193/600] Loss: 0.010067
Epoch [194/600] Loss: 0.010014
Epoch [195/600] Loss: 0.009958
Epoch [196/600] Loss: 0.010113
Epoch [197/600] Loss: 0.009989
Epoch [198/600] Loss: 0.009949
Epoch [199/600] Loss: 0.009955
Epoch [200/600] Loss: 0.010070 | Val PSNR: 42.1264
Epoch [201/600] Loss: 0.009822
Epoch [202/600] Loss: 0.009881
Epoch [203/600] Loss: 0.009904
Epoch [204/600] Loss: 0.009886
Epoch [205/600] Loss: 0.009846
Epoch [206/600] Loss: 0.009794
Epoch [207/600] Loss: 0.009806
Epoch [208/600] Loss: 0.009784
Epoch [209/600] Loss: 0.009903
Epoch [210/600] Loss: 0.009823
Epoch [211/600] Loss: 0.009841
Epoch [212/600] Loss: 0.009936
Epoch [213/600] Loss: 0.009957
Epoch [214/600] Loss: 0.009867
Epoch [215/600] Loss: 0.009870
Epoch [216/600] Loss: 0.009810
Epoch [217/600] Loss: 0.009848
Epoch [218/600] Loss: 0.009896
Epoch [219/600] Loss: 0.009734
Epoch [220/600] Loss: 0.009817
Epoch [221/600] Loss: 0.009813
Epoch [222/600] Loss: 0.009895
Epoch [223/600] Loss: 0.009849
Epoch [224/600] Loss: 0.009777
Epoch [225/600] Loss: 0.009794
Epoch [226/600] Loss: 0.009960
Epoch [227/600] Loss: 0.009808
Epoch [228/600] Loss: 0.009814
Epoch [229/600] Loss: 0.009861
Epoch [230/600] Loss: 0.009875
Epoch [231/600] Loss: 0.009761
Epoch [232/600] Loss: 0.009790
Epoch [233/600] Loss: 0.009845
Epoch [234/600] Loss: 0.009878
Epoch [235/600] Loss: 0.009844
Epoch [236/600] Loss: 0.009933
Epoch [237/600] Loss: 0.009840
Epoch [238/600] Loss: 0.009836
Epoch [239/600] Loss: 0.009934
Epoch [240/600] Loss: 0.009784
Epoch [241/600] Loss: 0.009779
Epoch [242/600] Loss: 0.009799
Epoch [243/600] Loss: 0.009874
Epoch [244/600] Loss: 0.009850
Epoch [245/600] Loss: 0.009920
Epoch [246/600] Loss: 0.009798
Epoch [247/600] Loss: 0.009859
Epoch [248/600] Loss: 0.009825
Epoch [249/600] Loss: 0.009843
Epoch [250/600] Loss: 0.009958 | Val PSNR: 42.8148
  New best model saved (PSNR: 42.8148)
Epoch [251/600] Loss: 0.009851
Epoch [252/600] Loss: 0.009837
Epoch [253/600] Loss: 0.009838
Epoch [254/600] Loss: 0.009917
Epoch [255/600] Loss: 0.009834
Epoch [256/600] Loss: 0.009853
Epoch [257/600] Loss: 0.010005
Epoch [258/600] Loss: 0.009877
Epoch [259/600] Loss: 0.009939
Epoch [260/600] Loss: 0.009848
Epoch [261/600] Loss: 0.009847
Epoch [262/600] Loss: 0.009862
Epoch [263/600] Loss: 0.009798
Epoch [264/600] Loss: 0.009840
Epoch [265/600] Loss: 0.009839
Epoch [266/600] Loss: 0.009875
Epoch [267/600] Loss: 0.009891
Epoch [268/600] Loss: 0.009783
Epoch [269/600] Loss: 0.009829
Epoch [270/600] Loss: 0.009768
Epoch [271/600] Loss: 0.009858
Epoch [272/600] Loss: 0.009864
Epoch [273/600] Loss: 0.009843
Epoch [274/600] Loss: 0.009804
Epoch [275/600] Loss: 0.009831
Epoch [276/600] Loss: 0.009924
Epoch [277/600] Loss: 0.009785
Epoch [278/600] Loss: 0.009874
Epoch [279/600] Loss: 0.009903
Epoch [280/600] Loss: 0.009853
Epoch [281/600] Loss: 0.009792
Epoch [282/600] Loss: 0.009814
Epoch [283/600] Loss: 0.009901
Epoch [284/600] Loss: 0.009910
Epoch [285/600] Loss: 0.009876
Epoch [286/600] Loss: 0.009826
Epoch [287/600] Loss: 0.009778
Epoch [288/600] Loss: 0.009792
Epoch [289/600] Loss: 0.009795
Epoch [290/600] Loss: 0.009793
Epoch [291/600] Loss: 0.009779
Epoch [292/600] Loss: 0.009766
Epoch [293/600] Loss: 0.009736
Epoch [294/600] Loss: 0.009872
Epoch [295/600] Loss: 0.009852
Epoch [296/600] Loss: 0.009818
Epoch [297/600] Loss: 0.009854
Epoch [298/600] Loss: 0.009823
Epoch [299/600] Loss: 0.009875
Epoch [300/600] Loss: 0.009852 | Val PSNR: 42.7142
Epoch [301/600] Loss: 0.009774
Epoch [302/600] Loss: 0.009809
Epoch [303/600] Loss: 0.009840
Epoch [304/600] Loss: 0.009855
Epoch [305/600] Loss: 0.009803
Epoch [306/600] Loss: 0.009800
Epoch [307/600] Loss: 0.009868
Epoch [308/600] Loss: 0.009793
Epoch [309/600] Loss: 0.009803
Epoch [310/600] Loss: 0.009862
Epoch [311/600] Loss: 0.009720
Epoch [312/600] Loss: 0.009823
Epoch [313/600] Loss: 0.009811
Epoch [314/600] Loss: 0.009774
Epoch [315/600] Loss: 0.009899
Epoch [316/600] Loss: 0.009820
Epoch [317/600] Loss: 0.009851
Epoch [318/600] Loss: 0.009873
Epoch [319/600] Loss: 0.009704
Epoch [320/600] Loss: 0.009829
Epoch [321/600] Loss: 0.009784
Epoch [322/600] Loss: 0.009851
Epoch [323/600] Loss: 0.009846
Epoch [324/600] Loss: 0.009804
Epoch [325/600] Loss: 0.009792
Epoch [326/600] Loss: 0.009843
Epoch [327/600] Loss: 0.009772
Epoch [328/600] Loss: 0.009822
Epoch [329/600] Loss: 0.009781
Epoch [330/600] Loss: 0.009828
Epoch [331/600] Loss: 0.009840
Epoch [332/600] Loss: 0.009855
Epoch [333/600] Loss: 0.009854
Epoch [334/600] Loss: 0.009729
Epoch [335/600] Loss: 0.009764
Epoch [336/600] Loss: 0.009878
Epoch [337/600] Loss: 0.009846
Epoch [338/600] Loss: 0.009787
Epoch [339/600] Loss: 0.009889
Epoch [340/600] Loss: 0.009842
Epoch [341/600] Loss: 0.009844
Epoch [342/600] Loss: 0.009887
Epoch [343/600] Loss: 0.009828
Epoch [344/600] Loss: 0.009763
Epoch [345/600] Loss: 0.009830
Epoch [346/600] Loss: 0.009807
Epoch [347/600] Loss: 0.009852
Epoch [348/600] Loss: 0.009823
Epoch [349/600] Loss: 0.009782
Epoch [350/600] Loss: 0.009756 | Val PSNR: 42.6731
Epoch [351/600] Loss: 0.009833
Epoch [352/600] Loss: 0.009807
Epoch [353/600] Loss: 0.009847
Epoch [354/600] Loss: 0.009857
Epoch [355/600] Loss: 0.009826
Epoch [356/600] Loss: 0.009874
Epoch [357/600] Loss: 0.009809
Epoch [358/600] Loss: 0.009841
Epoch [359/600] Loss: 0.009761
Epoch [360/600] Loss: 0.009870
Epoch [361/600] Loss: 0.009866
Epoch [362/600] Loss: 0.009865
Epoch [363/600] Loss: 0.009777
Epoch [364/600] Loss: 0.009819
Epoch [365/600] Loss: 0.009720
Epoch [366/600] Loss: 0.009832
Epoch [367/600] Loss: 0.009770
Epoch [368/600] Loss: 0.009709
Epoch [369/600] Loss: 0.009821
Epoch [370/600] Loss: 0.009709
Epoch [371/600] Loss: 0.009840
Epoch [372/600] Loss: 0.009782
Epoch [373/600] Loss: 0.009773
Epoch [374/600] Loss: 0.009764
Epoch [375/600] Loss: 0.009703
Epoch [376/600] Loss: 0.009796
Epoch [377/600] Loss: 0.009834
Epoch [378/600] Loss: 0.009755
Epoch [379/600] Loss: 0.009786
Epoch [380/600] Loss: 0.009839
Epoch [381/600] Loss: 0.009725
Epoch [382/600] Loss: 0.009824
Epoch [383/600] Loss: 0.009753
Epoch [384/600] Loss: 0.009773
Epoch [385/600] Loss: 0.009847
Epoch [386/600] Loss: 0.009856
Epoch [387/600] Loss: 0.009833
Epoch [388/600] Loss: 0.009753
Epoch [389/600] Loss: 0.009714
Epoch [390/600] Loss: 0.009786
Epoch [391/600] Loss: 0.009775
Epoch [392/600] Loss: 0.009859
Epoch [393/600] Loss: 0.009772
Epoch [394/600] Loss: 0.009818
Epoch [395/600] Loss: 0.009801
Epoch [396/600] Loss: 0.009786
Epoch [397/600] Loss: 0.009712
Epoch [398/600] Loss: 0.009814
Epoch [399/600] Loss: 0.009875
Epoch [400/600] Loss: 0.009795 | Val PSNR: 42.7133
Epoch [401/600] Loss: 0.009618
Epoch [402/600] Loss: 0.009731
Epoch [403/600] Loss: 0.009758
Epoch [404/600] Loss: 0.009737
Epoch [405/600] Loss: 0.009760
Epoch [406/600] Loss: 0.009743
Epoch [407/600] Loss: 0.009656
Epoch [408/600] Loss: 0.009672
Epoch [409/600] Loss: 0.009746
Epoch [410/600] Loss: 0.009710
Epoch [411/600] Loss: 0.009728
Epoch [412/600] Loss: 0.009690
Epoch [413/600] Loss: 0.009672
Epoch [414/600] Loss: 0.009684
Epoch [415/600] Loss: 0.009666
Epoch [416/600] Loss: 0.009759
Epoch [417/600] Loss: 0.009729
Epoch [418/600] Loss: 0.009737
Epoch [419/600] Loss: 0.009653
Epoch [420/600] Loss: 0.009726
Epoch [421/600] Loss: 0.009821
Epoch [422/600] Loss: 0.009789
Epoch [423/600] Loss: 0.009685
Epoch [424/600] Loss: 0.009788
Epoch [425/600] Loss: 0.009648
Epoch [426/600] Loss: 0.009649
Epoch [427/600] Loss: 0.009735
Epoch [428/600] Loss: 0.009659
Epoch [429/600] Loss: 0.009778
Epoch [430/600] Loss: 0.009785
Epoch [431/600] Loss: 0.009657
Epoch [432/600] Loss: 0.009748
Epoch [433/600] Loss: 0.009693
Epoch [434/600] Loss: 0.009815
Epoch [435/600] Loss: 0.009766
Epoch [436/600] Loss: 0.009767
Epoch [437/600] Loss: 0.009653
Epoch [438/600] Loss: 0.009783
Epoch [439/600] Loss: 0.009679
Epoch [440/600] Loss: 0.009732
Epoch [441/600] Loss: 0.009691
Epoch [442/600] Loss: 0.009779
Epoch [443/600] Loss: 0.009710
Epoch [444/600] Loss: 0.009632
Epoch [445/600] Loss: 0.009688
Epoch [446/600] Loss: 0.009693
Epoch [447/600] Loss: 0.009717
Epoch [448/600] Loss: 0.009597
Epoch [449/600] Loss: 0.009732
Epoch [450/600] Loss: 0.009707 | Val PSNR: 42.8940
  New best model saved (PSNR: 42.8940)
Epoch [451/600] Loss: 0.009711
Epoch [452/600] Loss: 0.009735
Epoch [453/600] Loss: 0.009759
Epoch [454/600] Loss: 0.009755
Epoch [455/600] Loss: 0.009654
Epoch [456/600] Loss: 0.009685
Epoch [457/600] Loss: 0.009749
Epoch [458/600] Loss: 0.009721
Epoch [459/600] Loss: 0.009711
Epoch [460/600] Loss: 0.009642
Epoch [461/600] Loss: 0.009771
Epoch [462/600] Loss: 0.009688
Epoch [463/600] Loss: 0.009719
Epoch [464/600] Loss: 0.009580
Epoch [465/600] Loss: 0.009744
Epoch [466/600] Loss: 0.009707
Epoch [467/600] Loss: 0.009647
Epoch [468/600] Loss: 0.009759
Epoch [469/600] Loss: 0.009584
Epoch [470/600] Loss: 0.009701
Epoch [471/600] Loss: 0.009717
Epoch [472/600] Loss: 0.009630
Epoch [473/600] Loss: 0.009653
Epoch [474/600] Loss: 0.009671
Epoch [475/600] Loss: 0.009753
Epoch [476/600] Loss: 0.009704
Epoch [477/600] Loss: 0.009690
Epoch [478/600] Loss: 0.009729
Epoch [479/600] Loss: 0.009738
Epoch [480/600] Loss: 0.009768
Epoch [481/600] Loss: 0.009642
Epoch [482/600] Loss: 0.009753
Epoch [483/600] Loss: 0.009762
Epoch [484/600] Loss: 0.009647
Epoch [485/600] Loss: 0.009682
Epoch [486/600] Loss: 0.009711
Epoch [487/600] Loss: 0.009707
Epoch [488/600] Loss: 0.009609
Epoch [489/600] Loss: 0.009762
Epoch [490/600] Loss: 0.009712
Epoch [491/600] Loss: 0.009647
Epoch [492/600] Loss: 0.009652
Epoch [493/600] Loss: 0.009710
Epoch [494/600] Loss: 0.009681
Epoch [495/600] Loss: 0.009709
Epoch [496/600] Loss: 0.009624
Epoch [497/600] Loss: 0.009728
Epoch [498/600] Loss: 0.009671
Epoch [499/600] Loss: 0.009622
Epoch [500/600] Loss: 0.009657 | Val PSNR: 42.8430
Epoch [501/600] Loss: 0.009735
Epoch [502/600] Loss: 0.009663
Epoch [503/600] Loss: 0.009692
Epoch [504/600] Loss: 0.009750
Epoch [505/600] Loss: 0.009703
Epoch [506/600] Loss: 0.009777
Epoch [507/600] Loss: 0.009676
Epoch [508/600] Loss: 0.009863
Epoch [509/600] Loss: 0.009613
Epoch [510/600] Loss: 0.009749
Epoch [511/600] Loss: 0.009653
Epoch [512/600] Loss: 0.009723
Epoch [513/600] Loss: 0.009720
Epoch [514/600] Loss: 0.009756
Epoch [515/600] Loss: 0.009733
Epoch [516/600] Loss: 0.009723
Epoch [517/600] Loss: 0.009623
Epoch [518/600] Loss: 0.009707
Epoch [519/600] Loss: 0.009668
Epoch [520/600] Loss: 0.009731
Epoch [521/600] Loss: 0.009579
Epoch [522/600] Loss: 0.009701
Epoch [523/600] Loss: 0.009754
Epoch [524/600] Loss: 0.009651
Epoch [525/600] Loss: 0.009725
Epoch [526/600] Loss: 0.009684
Epoch [527/600] Loss: 0.009707
Epoch [528/600] Loss: 0.009735
Epoch [529/600] Loss: 0.009683
Epoch [530/600] Loss: 0.009683
Epoch [531/600] Loss: 0.009719
Epoch [532/600] Loss: 0.009732
Epoch [533/600] Loss: 0.009716
Epoch [534/600] Loss: 0.009715
Epoch [535/600] Loss: 0.009706
Epoch [536/600] Loss: 0.009704
Epoch [537/600] Loss: 0.009669
Epoch [538/600] Loss: 0.009688
Epoch [539/600] Loss: 0.009652
Epoch [540/600] Loss: 0.009738
Epoch [541/600] Loss: 0.009704
Epoch [542/600] Loss: 0.009719
Epoch [543/600] Loss: 0.009629
Epoch [544/600] Loss: 0.009704
Epoch [545/600] Loss: 0.009765
Epoch [546/600] Loss: 0.009737
Epoch [547/600] Loss: 0.009684
Epoch [548/600] Loss: 0.009676
Epoch [549/600] Loss: 0.009670
Epoch [550/600] Loss: 0.009716 | Val PSNR: 42.8512
Epoch [551/600] Loss: 0.009666
Epoch [552/600] Loss: 0.009667
Epoch [553/600] Loss: 0.009693
Epoch [554/600] Loss: 0.009728
Epoch [555/600] Loss: 0.009701
Epoch [556/600] Loss: 0.009680
Epoch [557/600] Loss: 0.009688
Epoch [558/600] Loss: 0.009696
Epoch [559/600] Loss: 0.009668
Epoch [560/600] Loss: 0.009709
Epoch [561/600] Loss: 0.009794
Epoch [562/600] Loss: 0.009722
Epoch [563/600] Loss: 0.009671
Epoch [564/600] Loss: 0.009711
Epoch [565/600] Loss: 0.009730
Epoch [566/600] Loss: 0.009714
Epoch [567/600] Loss: 0.009673
Epoch [568/600] Loss: 0.009700
Epoch [569/600] Loss: 0.009715
Epoch [570/600] Loss: 0.009783
Epoch [571/600] Loss: 0.009706
Epoch [572/600] Loss: 0.009666
Epoch [573/600] Loss: 0.009808
Epoch [574/600] Loss: 0.009692
Epoch [575/600] Loss: 0.009755
Epoch [576/600] Loss: 0.009692
Epoch [577/600] Loss: 0.009636
Epoch [578/600] Loss: 0.009567
Epoch [579/600] Loss: 0.009678
Epoch [580/600] Loss: 0.009650
Epoch [581/600] Loss: 0.009786
Epoch [582/600] Loss: 0.009582
Epoch [583/600] Loss: 0.009694
Epoch [584/600] Loss: 0.009690
Epoch [585/600] Loss: 0.009726
Epoch [586/600] Loss: 0.009600
Epoch [587/600] Loss: 0.009728
Epoch [588/600] Loss: 0.009713
Epoch [589/600] Loss: 0.009712
Epoch [590/600] Loss: 0.009671
Epoch [591/600] Loss: 0.009740
Epoch [592/600] Loss: 0.009703
Epoch [593/600] Loss: 0.009670
Epoch [594/600] Loss: 0.009684
Epoch [595/600] Loss: 0.009636
Epoch [596/600] Loss: 0.009716
Epoch [597/600] Loss: 0.009624
Epoch [598/600] Loss: 0.009703
Epoch [599/600] Loss: 0.009705
Epoch [600/600] Loss: 0.009629 | Val PSNR: 43.0610
  New best model saved (PSNR: 43.0610)
