Using device: cuda, AMP: True
Model: edgesr, Parameters: 1,436,931
Resumed from epoch 700
Epoch [701/1000] Loss: 0.059263
Epoch [702/1000] Loss: 0.058871
Epoch [703/1000] Loss: 0.058861
Epoch [704/1000] Loss: 0.059054
Epoch [705/1000] Loss: 0.058772
Epoch [706/1000] Loss: 0.058660
Epoch [707/1000] Loss: 0.058890
Epoch [708/1000] Loss: 0.058453
Epoch [709/1000] Loss: 0.058697
Epoch [710/1000] Loss: 0.058642
Epoch [711/1000] Loss: 0.058621
Epoch [712/1000] Loss: 0.058250
Epoch [713/1000] Loss: 0.058442
Epoch [714/1000] Loss: 0.058475
Epoch [715/1000] Loss: 0.058510
Epoch [716/1000] Loss: 0.058454
Epoch [717/1000] Loss: 0.058325
Epoch [718/1000] Loss: 0.058169
Epoch [719/1000] Loss: 0.058333
Epoch [720/1000] Loss: 0.058329
Epoch [721/1000] Loss: 0.058249
Epoch [722/1000] Loss: 0.058276
Epoch [723/1000] Loss: 0.058387
Epoch [724/1000] Loss: 0.058128
Epoch [725/1000] Loss: 0.058386
Epoch [726/1000] Loss: 0.058215
Epoch [727/1000] Loss: 0.058282
Epoch [728/1000] Loss: 0.058318
Epoch [729/1000] Loss: 0.058178
Epoch [730/1000] Loss: 0.058154
Epoch [731/1000] Loss: 0.057854
Epoch [732/1000] Loss: 0.058380
Epoch [733/1000] Loss: 0.057954
Epoch [734/1000] Loss: 0.058239
Epoch [735/1000] Loss: 0.058026
Epoch [736/1000] Loss: 0.058073
Epoch [737/1000] Loss: 0.058154
Epoch [738/1000] Loss: 0.057939
Epoch [739/1000] Loss: 0.058155
Epoch [740/1000] Loss: 0.058040
Epoch [741/1000] Loss: 0.057758
Epoch [742/1000] Loss: 0.058054
Epoch [743/1000] Loss: 0.058311
Epoch [744/1000] Loss: 0.058316
Epoch [745/1000] Loss: 0.058056
Epoch [746/1000] Loss: 0.057927
Epoch [747/1000] Loss: 0.058237
Epoch [748/1000] Loss: 0.058222
Epoch [749/1000] Loss: 0.058395
Epoch [750/1000] Loss: 0.057925 | Val PSNR: 24.7648
  New best model saved (PSNR: 24.7648)
Epoch [751/1000] Loss: 0.058406
Epoch [752/1000] Loss: 0.058607
Epoch [753/1000] Loss: 0.058152
Epoch [754/1000] Loss: 0.058216
Epoch [755/1000] Loss: 0.057894
Epoch [756/1000] Loss: 0.058026
Epoch [757/1000] Loss: 0.058039
Epoch [758/1000] Loss: 0.057882
Epoch [759/1000] Loss: 0.058111
Epoch [760/1000] Loss: 0.057883
Epoch [761/1000] Loss: 0.058031
Epoch [762/1000] Loss: 0.057894
Epoch [763/1000] Loss: 0.057858
Epoch [764/1000] Loss: 0.058106
Epoch [765/1000] Loss: 0.057831
Epoch [766/1000] Loss: 0.057972
Epoch [767/1000] Loss: 0.058342
Epoch [768/1000] Loss: 0.058081
Epoch [769/1000] Loss: 0.058191
Epoch [770/1000] Loss: 0.057995
Epoch [771/1000] Loss: 0.057751
Epoch [772/1000] Loss: 0.058401
Epoch [773/1000] Loss: 0.057980
Epoch [774/1000] Loss: 0.057647
Epoch [775/1000] Loss: 0.058170
Epoch [776/1000] Loss: 0.057929
Epoch [777/1000] Loss: 0.057939
Epoch [778/1000] Loss: 0.057953
Epoch [779/1000] Loss: 0.057987
Epoch [780/1000] Loss: 0.057997
Epoch [781/1000] Loss: 0.057926
Epoch [782/1000] Loss: 0.057602
Epoch [783/1000] Loss: 0.057948
Epoch [784/1000] Loss: 0.057990
Epoch [785/1000] Loss: 0.058176
Epoch [786/1000] Loss: 0.057772
Epoch [787/1000] Loss: 0.058041
Epoch [788/1000] Loss: 0.058118
Epoch [789/1000] Loss: 0.057995
Epoch [790/1000] Loss: 0.057684
Epoch [791/1000] Loss: 0.057957
Epoch [792/1000] Loss: 0.057923
Epoch [793/1000] Loss: 0.057807
Epoch [794/1000] Loss: 0.057906
Epoch [795/1000] Loss: 0.057750
Epoch [796/1000] Loss: 0.057887
Epoch [797/1000] Loss: 0.057551
Epoch [798/1000] Loss: 0.057902
Epoch [799/1000] Loss: 0.057879
Epoch [800/1000] Loss: 0.057708 | Val PSNR: 24.6645
Epoch [801/1000] Loss: 0.057779
Epoch [802/1000] Loss: 0.057717
Epoch [803/1000] Loss: 0.057750
Epoch [804/1000] Loss: 0.057443
Epoch [805/1000] Loss: 0.057544
Epoch [806/1000] Loss: 0.057676
Epoch [807/1000] Loss: 0.057626
Epoch [808/1000] Loss: 0.057545
Epoch [809/1000] Loss: 0.057814
Epoch [810/1000] Loss: 0.057640
Epoch [811/1000] Loss: 0.057657
Epoch [812/1000] Loss: 0.057602
Epoch [813/1000] Loss: 0.057777
Epoch [814/1000] Loss: 0.057527
Epoch [815/1000] Loss: 0.057340
Epoch [816/1000] Loss: 0.057435
Epoch [817/1000] Loss: 0.057633
Epoch [818/1000] Loss: 0.057422
Epoch [819/1000] Loss: 0.057479
Epoch [820/1000] Loss: 0.057532
Epoch [821/1000] Loss: 0.057721
Epoch [822/1000] Loss: 0.057527
Epoch [823/1000] Loss: 0.057503
Epoch [824/1000] Loss: 0.057683
Epoch [825/1000] Loss: 0.057745
Epoch [826/1000] Loss: 0.057458
Epoch [827/1000] Loss: 0.057680
Epoch [828/1000] Loss: 0.057427
Epoch [829/1000] Loss: 0.057433
Epoch [830/1000] Loss: 0.057560
Epoch [831/1000] Loss: 0.057201
Epoch [832/1000] Loss: 0.057647
Epoch [833/1000] Loss: 0.057527
Epoch [834/1000] Loss: 0.057451
Epoch [835/1000] Loss: 0.057650
Epoch [836/1000] Loss: 0.057239
Epoch [837/1000] Loss: 0.057682
Epoch [838/1000] Loss: 0.057613
Epoch [839/1000] Loss: 0.057391
Epoch [840/1000] Loss: 0.057572
Epoch [841/1000] Loss: 0.057689
Epoch [842/1000] Loss: 0.057533
Epoch [843/1000] Loss: 0.057414
Epoch [844/1000] Loss: 0.057171
Epoch [845/1000] Loss: 0.057374
Epoch [846/1000] Loss: 0.057482
Epoch [847/1000] Loss: 0.057576
Epoch [848/1000] Loss: 0.057695
Epoch [849/1000] Loss: 0.057554
Epoch [850/1000] Loss: 0.057375 | Val PSNR: 24.7504
Epoch [851/1000] Loss: 0.057507
Epoch [852/1000] Loss: 0.057627
Epoch [853/1000] Loss: 0.057470
Epoch [854/1000] Loss: 0.057511
Epoch [855/1000] Loss: 0.057475
Epoch [856/1000] Loss: 0.057326
Epoch [857/1000] Loss: 0.057121
Epoch [858/1000] Loss: 0.057568
Epoch [859/1000] Loss: 0.057163
Epoch [860/1000] Loss: 0.057466
Epoch [861/1000] Loss: 0.057570
Epoch [862/1000] Loss: 0.057338
Epoch [863/1000] Loss: 0.057502
Epoch [864/1000] Loss: 0.057343
Epoch [865/1000] Loss: 0.057550
Epoch [866/1000] Loss: 0.057392
Epoch [867/1000] Loss: 0.057538
Epoch [868/1000] Loss: 0.057898
Epoch [869/1000] Loss: 0.057404
Epoch [870/1000] Loss: 0.057718
Epoch [871/1000] Loss: 0.057383
Epoch [872/1000] Loss: 0.057419
Epoch [873/1000] Loss: 0.057397
Epoch [874/1000] Loss: 0.057273
Epoch [875/1000] Loss: 0.057236
Epoch [876/1000] Loss: 0.057531
Epoch [877/1000] Loss: 0.057333
Epoch [878/1000] Loss: 0.056889
Epoch [879/1000] Loss: 0.057440
Epoch [880/1000] Loss: 0.057181
Epoch [881/1000] Loss: 0.057576
Epoch [882/1000] Loss: 0.057406
Epoch [883/1000] Loss: 0.057404
Epoch [884/1000] Loss: 0.057433
Epoch [885/1000] Loss: 0.057488
Epoch [886/1000] Loss: 0.057259
Epoch [887/1000] Loss: 0.057295
Epoch [888/1000] Loss: 0.057413
Epoch [889/1000] Loss: 0.057474
Epoch [890/1000] Loss: 0.057485
Epoch [891/1000] Loss: 0.057280
Epoch [892/1000] Loss: 0.057413
Epoch [893/1000] Loss: 0.057374
Epoch [894/1000] Loss: 0.057324
Epoch [895/1000] Loss: 0.057298
Epoch [896/1000] Loss: 0.057539
Epoch [897/1000] Loss: 0.057462
Epoch [898/1000] Loss: 0.057376
Epoch [899/1000] Loss: 0.057226
Epoch [900/1000] Loss: 0.057181 | Val PSNR: 24.6709
Epoch [901/1000] Loss: 0.057260
Epoch [902/1000] Loss: 0.057183
Epoch [903/1000] Loss: 0.057325
Epoch [904/1000] Loss: 0.057407
Epoch [905/1000] Loss: 0.057570
Epoch [906/1000] Loss: 0.057562
Epoch [907/1000] Loss: 0.057345
Epoch [908/1000] Loss: 0.057411
Epoch [909/1000] Loss: 0.057327
Epoch [910/1000] Loss: 0.057267
Epoch [911/1000] Loss: 0.057483
Epoch [912/1000] Loss: 0.057174
Epoch [913/1000] Loss: 0.057686
Epoch [914/1000] Loss: 0.057306
Epoch [915/1000] Loss: 0.057485
Epoch [916/1000] Loss: 0.057650
Epoch [917/1000] Loss: 0.057201
Epoch [918/1000] Loss: 0.057452
Epoch [919/1000] Loss: 0.057012
Epoch [920/1000] Loss: 0.057456
Epoch [921/1000] Loss: 0.057295
Epoch [922/1000] Loss: 0.057086
Epoch [923/1000] Loss: 0.057267
Epoch [924/1000] Loss: 0.057441
Epoch [925/1000] Loss: 0.057409
Epoch [926/1000] Loss: 0.057325
Epoch [927/1000] Loss: 0.057091
Epoch [928/1000] Loss: 0.057431
Epoch [929/1000] Loss: 0.057397
Epoch [930/1000] Loss: 0.057266
Epoch [931/1000] Loss: 0.057515
Epoch [932/1000] Loss: 0.057228
Epoch [933/1000] Loss: 0.057310
Epoch [934/1000] Loss: 0.057330
Epoch [935/1000] Loss: 0.057422
Epoch [936/1000] Loss: 0.057464
Epoch [937/1000] Loss: 0.057343
Epoch [938/1000] Loss: 0.057220
Epoch [939/1000] Loss: 0.057099
Epoch [940/1000] Loss: 0.057112
Epoch [941/1000] Loss: 0.057329
Epoch [942/1000] Loss: 0.057449
Epoch [943/1000] Loss: 0.057193
Epoch [944/1000] Loss: 0.057251
Epoch [945/1000] Loss: 0.057282
Epoch [946/1000] Loss: 0.057399
Epoch [947/1000] Loss: 0.057095
Epoch [948/1000] Loss: 0.057509
Epoch [949/1000] Loss: 0.057542
Epoch [950/1000] Loss: 0.057202 | Val PSNR: 24.6721
Epoch [951/1000] Loss: 0.057343
Epoch [952/1000] Loss: 0.057352
Epoch [953/1000] Loss: 0.057193
Epoch [954/1000] Loss: 0.057100
Epoch [955/1000] Loss: 0.057368
Epoch [956/1000] Loss: 0.057350
Epoch [957/1000] Loss: 0.057320
Epoch [958/1000] Loss: 0.057175
Epoch [959/1000] Loss: 0.057147
Epoch [960/1000] Loss: 0.057146
Epoch [961/1000] Loss: 0.057578
Epoch [962/1000] Loss: 0.057356
Epoch [963/1000] Loss: 0.057301
Epoch [964/1000] Loss: 0.057098
Epoch [965/1000] Loss: 0.057269
Epoch [966/1000] Loss: 0.057119
Epoch [967/1000] Loss: 0.057412
Epoch [968/1000] Loss: 0.057409
Epoch [969/1000] Loss: 0.057111
Epoch [970/1000] Loss: 0.057354
Epoch [971/1000] Loss: 0.057219
Epoch [972/1000] Loss: 0.057462
Epoch [973/1000] Loss: 0.057492
Epoch [974/1000] Loss: 0.057011
Epoch [975/1000] Loss: 0.057207
Epoch [976/1000] Loss: 0.057140
Epoch [977/1000] Loss: 0.057146
Epoch [978/1000] Loss: 0.057181
Epoch [979/1000] Loss: 0.057103
Epoch [980/1000] Loss: 0.057181
Epoch [981/1000] Loss: 0.056978
Epoch [982/1000] Loss: 0.057140
Epoch [983/1000] Loss: 0.057326
Epoch [984/1000] Loss: 0.057173
Epoch [985/1000] Loss: 0.057363
Epoch [986/1000] Loss: 0.057345
Epoch [987/1000] Loss: 0.057346
Epoch [988/1000] Loss: 0.057248
Epoch [989/1000] Loss: 0.057214
Epoch [990/1000] Loss: 0.057163
Epoch [991/1000] Loss: 0.057307
Epoch [992/1000] Loss: 0.057239
Epoch [993/1000] Loss: 0.057572
Epoch [994/1000] Loss: 0.057036
Epoch [995/1000] Loss: 0.057293
Epoch [996/1000] Loss: 0.057050
Epoch [997/1000] Loss: 0.057444
Epoch [998/1000] Loss: 0.057198
Epoch [999/1000] Loss: 0.057163
Epoch [1000/1000] Loss: 0.057107 | Val PSNR: 24.7273
