Using device: cuda, AMP: True
Model: edgesr, Parameters: 1,436,931
Epoch [1/600] Loss: 0.030587
Epoch [2/600] Loss: 0.027229
Epoch [3/600] Loss: 0.026511
Epoch [4/600] Loss: 0.026197
Epoch [5/600] Loss: 0.026043
Epoch [6/600] Loss: 0.025776
Epoch [7/600] Loss: 0.025620
Epoch [8/600] Loss: 0.025593
Epoch [9/600] Loss: 0.025549
Epoch [10/600] Loss: 0.025404
Epoch [11/600] Loss: 0.025406
Epoch [12/600] Loss: 0.025410
Epoch [13/600] Loss: 0.025329
Epoch [14/600] Loss: 0.025252
Epoch [15/600] Loss: 0.025182
Epoch [16/600] Loss: 0.025042
Epoch [17/600] Loss: 0.025154
Epoch [18/600] Loss: 0.024944
Epoch [19/600] Loss: 0.025037
Epoch [20/600] Loss: 0.024959
Epoch [21/600] Loss: 0.024963
Epoch [22/600] Loss: 0.024857
Epoch [23/600] Loss: 0.024944
Epoch [24/600] Loss: 0.024848
Epoch [25/600] Loss: 0.024747
Epoch [26/600] Loss: 0.024723
Epoch [27/600] Loss: 0.024799
Epoch [28/600] Loss: 0.024650
Epoch [29/600] Loss: 0.024714
Epoch [30/600] Loss: 0.024676
Epoch [31/600] Loss: 0.024515
Epoch [32/600] Loss: 0.024490
Epoch [33/600] Loss: 0.024509
Epoch [34/600] Loss: 0.024500
Epoch [35/600] Loss: 0.024454
Epoch [36/600] Loss: 0.024398
Epoch [37/600] Loss: 0.024380
Epoch [38/600] Loss: 0.024335
Epoch [39/600] Loss: 0.024360
Epoch [40/600] Loss: 0.024228
Epoch [41/600] Loss: 0.024300
Epoch [42/600] Loss: 0.024202
Epoch [43/600] Loss: 0.024290
Epoch [44/600] Loss: 0.024265
Epoch [45/600] Loss: 0.024296
Epoch [46/600] Loss: 0.024047
Epoch [47/600] Loss: 0.024101
Epoch [48/600] Loss: 0.024066
Epoch [49/600] Loss: 0.024131
Epoch [50/600] Loss: 0.024061 | Val PSNR: 31.1967
  New best model saved (PSNR: 31.1967)
Epoch [51/600] Loss: 0.024103
Epoch [52/600] Loss: 0.023962
Epoch [53/600] Loss: 0.024024
Epoch [54/600] Loss: 0.023995
Epoch [55/600] Loss: 0.023948
Epoch [56/600] Loss: 0.024084
Epoch [57/600] Loss: 0.024098
Epoch [58/600] Loss: 0.023938
Epoch [59/600] Loss: 0.023919
Epoch [60/600] Loss: 0.023760
Epoch [61/600] Loss: 0.023834
Epoch [62/600] Loss: 0.023885
Epoch [63/600] Loss: 0.023887
Epoch [64/600] Loss: 0.023798
Epoch [65/600] Loss: 0.023753
Epoch [66/600] Loss: 0.023823
Epoch [67/600] Loss: 0.023783
Epoch [68/600] Loss: 0.023661
Epoch [69/600] Loss: 0.023764
Epoch [70/600] Loss: 0.023737
Epoch [71/600] Loss: 0.023743
Epoch [72/600] Loss: 0.023668
Epoch [73/600] Loss: 0.023665
Epoch [74/600] Loss: 0.023823
Epoch [75/600] Loss: 0.023777
Epoch [76/600] Loss: 0.023641
Epoch [77/600] Loss: 0.023619
Epoch [78/600] Loss: 0.023644
Epoch [79/600] Loss: 0.023631
Epoch [80/600] Loss: 0.023741
Epoch [81/600] Loss: 0.023582
Epoch [82/600] Loss: 0.023637
Epoch [83/600] Loss: 0.023612
Epoch [84/600] Loss: 0.023623
Epoch [85/600] Loss: 0.023575
Epoch [86/600] Loss: 0.023619
Epoch [87/600] Loss: 0.023564
Epoch [88/600] Loss: 0.023646
Epoch [89/600] Loss: 0.023579
Epoch [90/600] Loss: 0.023526
Epoch [91/600] Loss: 0.023475
Epoch [92/600] Loss: 0.023555
Epoch [93/600] Loss: 0.023537
Epoch [94/600] Loss: 0.023505
Epoch [95/600] Loss: 0.023519
Epoch [96/600] Loss: 0.023525
Epoch [97/600] Loss: 0.023490
Epoch [98/600] Loss: 0.023562
Epoch [99/600] Loss: 0.023447
Epoch [100/600] Loss: 0.023544 | Val PSNR: 31.3598
  New best model saved (PSNR: 31.3598)
Epoch [101/600] Loss: 0.023484
Epoch [102/600] Loss: 0.023460
Epoch [103/600] Loss: 0.023448
Epoch [104/600] Loss: 0.023455
Epoch [105/600] Loss: 0.023442
Epoch [106/600] Loss: 0.023487
Epoch [107/600] Loss: 0.023383
Epoch [108/600] Loss: 0.023477
Epoch [109/600] Loss: 0.023433
Epoch [110/600] Loss: 0.023425
Epoch [111/600] Loss: 0.023317
Epoch [112/600] Loss: 0.023337
Epoch [113/600] Loss: 0.023385
Epoch [114/600] Loss: 0.023452
Epoch [115/600] Loss: 0.023403
Epoch [116/600] Loss: 0.023321
Epoch [117/600] Loss: 0.023433
Epoch [118/600] Loss: 0.023338
Epoch [119/600] Loss: 0.023400
Epoch [120/600] Loss: 0.023394
Epoch [121/600] Loss: 0.023346
Epoch [122/600] Loss: 0.023318
Epoch [123/600] Loss: 0.023360
Epoch [124/600] Loss: 0.023335
Epoch [125/600] Loss: 0.023301
Epoch [126/600] Loss: 0.023269
Epoch [127/600] Loss: 0.023315
Epoch [128/600] Loss: 0.023324
Epoch [129/600] Loss: 0.023323
Epoch [130/600] Loss: 0.023299
Epoch [131/600] Loss: 0.023257
Epoch [132/600] Loss: 0.023330
Epoch [133/600] Loss: 0.023290
Epoch [134/600] Loss: 0.023332
Epoch [135/600] Loss: 0.023381
Epoch [136/600] Loss: 0.023319
Epoch [137/600] Loss: 0.023302
Epoch [138/600] Loss: 0.023211
Epoch [139/600] Loss: 0.023311
Epoch [140/600] Loss: 0.023226
Epoch [141/600] Loss: 0.023241
Epoch [142/600] Loss: 0.023306
Epoch [143/600] Loss: 0.023279
Epoch [144/600] Loss: 0.023208
Epoch [145/600] Loss: 0.023222
Epoch [146/600] Loss: 0.023230
Epoch [147/600] Loss: 0.023231
Epoch [148/600] Loss: 0.023236
Epoch [149/600] Loss: 0.023206
Epoch [150/600] Loss: 0.023254 | Val PSNR: 31.4315
  New best model saved (PSNR: 31.4315)
Epoch [151/600] Loss: 0.023212
Epoch [152/600] Loss: 0.023190
Epoch [153/600] Loss: 0.023227
Epoch [154/600] Loss: 0.023111
Epoch [155/600] Loss: 0.023235
Epoch [156/600] Loss: 0.023192
Epoch [157/600] Loss: 0.023196
Epoch [158/600] Loss: 0.023211
Epoch [159/600] Loss: 0.023182
Epoch [160/600] Loss: 0.023130
Epoch [161/600] Loss: 0.023141
Epoch [162/600] Loss: 0.023063
Epoch [163/600] Loss: 0.023134
Epoch [164/600] Loss: 0.023082
Epoch [165/600] Loss: 0.023108
Epoch [166/600] Loss: 0.023109
Epoch [167/600] Loss: 0.023160
Epoch [168/600] Loss: 0.023137
Epoch [169/600] Loss: 0.023192
Epoch [170/600] Loss: 0.023142
Epoch [171/600] Loss: 0.023182
Epoch [172/600] Loss: 0.023101
Epoch [173/600] Loss: 0.023209
Epoch [174/600] Loss: 0.023046
Epoch [175/600] Loss: 0.023166
Epoch [176/600] Loss: 0.023035
Epoch [177/600] Loss: 0.023067
Epoch [178/600] Loss: 0.023086
Epoch [179/600] Loss: 0.023033
Epoch [180/600] Loss: 0.023150
Epoch [181/600] Loss: 0.023046
Epoch [182/600] Loss: 0.023070
Epoch [183/600] Loss: 0.023141
Epoch [184/600] Loss: 0.023131
Epoch [185/600] Loss: 0.023022
Epoch [186/600] Loss: 0.023097
Epoch [187/600] Loss: 0.023105
Epoch [188/600] Loss: 0.023010
Epoch [189/600] Loss: 0.023064
Epoch [190/600] Loss: 0.023148
Epoch [191/600] Loss: 0.023106
Epoch [192/600] Loss: 0.023098
Epoch [193/600] Loss: 0.023077
Epoch [194/600] Loss: 0.023147
Epoch [195/600] Loss: 0.023061
Epoch [196/600] Loss: 0.023058
Epoch [197/600] Loss: 0.023001
Epoch [198/600] Loss: 0.023083
Epoch [199/600] Loss: 0.023092
Epoch [200/600] Loss: 0.023096 | Val PSNR: 31.5520
  New best model saved (PSNR: 31.5520)
Epoch [201/600] Loss: 0.022852
Epoch [202/600] Loss: 0.022776
Epoch [203/600] Loss: 0.022870
Epoch [204/600] Loss: 0.022880
Epoch [205/600] Loss: 0.022768
Epoch [206/600] Loss: 0.022779
Epoch [207/600] Loss: 0.022730
Epoch [208/600] Loss: 0.022790
Epoch [209/600] Loss: 0.022742
Epoch [210/600] Loss: 0.022837
Epoch [211/600] Loss: 0.022791
Epoch [212/600] Loss: 0.022771
Epoch [213/600] Loss: 0.022774
Epoch [214/600] Loss: 0.022727
Epoch [215/600] Loss: 0.022759
Epoch [216/600] Loss: 0.022760
Epoch [217/600] Loss: 0.022718
Epoch [218/600] Loss: 0.022685
Epoch [219/600] Loss: 0.022720
Epoch [220/600] Loss: 0.022687
Epoch [221/600] Loss: 0.022743
Epoch [222/600] Loss: 0.022719
Epoch [223/600] Loss: 0.022691
Epoch [224/600] Loss: 0.022706
Epoch [225/600] Loss: 0.022713
Epoch [226/600] Loss: 0.022711
Epoch [227/600] Loss: 0.022700
Epoch [228/600] Loss: 0.022735
Epoch [229/600] Loss: 0.022813
Epoch [230/600] Loss: 0.022700
Epoch [231/600] Loss: 0.022718
Epoch [232/600] Loss: 0.022684
Epoch [233/600] Loss: 0.022781
Epoch [234/600] Loss: 0.022736
Epoch [235/600] Loss: 0.022716
Epoch [236/600] Loss: 0.022778
Epoch [237/600] Loss: 0.022673
Epoch [238/600] Loss: 0.022663
Epoch [239/600] Loss: 0.022791
Epoch [240/600] Loss: 0.022702
Epoch [241/600] Loss: 0.022703
Epoch [242/600] Loss: 0.022770
Epoch [243/600] Loss: 0.022787
Epoch [244/600] Loss: 0.022708
Epoch [245/600] Loss: 0.022760
Epoch [246/600] Loss: 0.022719
Epoch [247/600] Loss: 0.022643
Epoch [248/600] Loss: 0.022739
Epoch [249/600] Loss: 0.022743
Epoch [250/600] Loss: 0.022760 | Val PSNR: 31.6915
  New best model saved (PSNR: 31.6915)
Epoch [251/600] Loss: 0.022749
Epoch [252/600] Loss: 0.022753
Epoch [253/600] Loss: 0.022728
Epoch [254/600] Loss: 0.022758
Epoch [255/600] Loss: 0.022772
Epoch [256/600] Loss: 0.022677
Epoch [257/600] Loss: 0.022749
Epoch [258/600] Loss: 0.022711
Epoch [259/600] Loss: 0.022710
Epoch [260/600] Loss: 0.022706
Epoch [261/600] Loss: 0.022754
Epoch [262/600] Loss: 0.022651
Epoch [263/600] Loss: 0.022661
Epoch [264/600] Loss: 0.022651
Epoch [265/600] Loss: 0.022635
Epoch [266/600] Loss: 0.022729
Epoch [267/600] Loss: 0.022777
Epoch [268/600] Loss: 0.022679
Epoch [269/600] Loss: 0.022722
Epoch [270/600] Loss: 0.022694
Epoch [271/600] Loss: 0.022701
Epoch [272/600] Loss: 0.022650
Epoch [273/600] Loss: 0.022589
Epoch [274/600] Loss: 0.022654
Epoch [275/600] Loss: 0.022732
Epoch [276/600] Loss: 0.022678
Epoch [277/600] Loss: 0.022679
Epoch [278/600] Loss: 0.022600
Epoch [279/600] Loss: 0.022693
Epoch [280/600] Loss: 0.022669
Epoch [281/600] Loss: 0.022704
Epoch [282/600] Loss: 0.022687
Epoch [283/600] Loss: 0.022695
Epoch [284/600] Loss: 0.022650
Epoch [285/600] Loss: 0.022574
Epoch [286/600] Loss: 0.022672
Epoch [287/600] Loss: 0.022631
Epoch [288/600] Loss: 0.022663
Epoch [289/600] Loss: 0.022751
Epoch [290/600] Loss: 0.022674
Epoch [291/600] Loss: 0.022588
Epoch [292/600] Loss: 0.022587
Epoch [293/600] Loss: 0.022662
Epoch [294/600] Loss: 0.022628
Epoch [295/600] Loss: 0.022680
Epoch [296/600] Loss: 0.022677
Epoch [297/600] Loss: 0.022628
Epoch [298/600] Loss: 0.022562
Epoch [299/600] Loss: 0.022666
Epoch [300/600] Loss: 0.022659 | Val PSNR: 31.6919
  New best model saved (PSNR: 31.6919)
Epoch [301/600] Loss: 0.022676
Epoch [302/600] Loss: 0.022729
Epoch [303/600] Loss: 0.022569
Epoch [304/600] Loss: 0.022625
Epoch [305/600] Loss: 0.022708
Epoch [306/600] Loss: 0.022553
Epoch [307/600] Loss: 0.022654
Epoch [308/600] Loss: 0.022609
Epoch [309/600] Loss: 0.022604
Epoch [310/600] Loss: 0.022652
Epoch [311/600] Loss: 0.022637
Epoch [312/600] Loss: 0.022655
Epoch [313/600] Loss: 0.022610
Epoch [314/600] Loss: 0.022596
Epoch [315/600] Loss: 0.022602
Epoch [316/600] Loss: 0.022576
Epoch [317/600] Loss: 0.022681
Epoch [318/600] Loss: 0.022626
Epoch [319/600] Loss: 0.022628
Epoch [320/600] Loss: 0.022614
Epoch [321/600] Loss: 0.022601
Epoch [322/600] Loss: 0.022677
Epoch [323/600] Loss: 0.022597
Epoch [324/600] Loss: 0.022631
Epoch [325/600] Loss: 0.022573
Epoch [326/600] Loss: 0.022618
Epoch [327/600] Loss: 0.022662
Epoch [328/600] Loss: 0.022605
Epoch [329/600] Loss: 0.022632
Epoch [330/600] Loss: 0.022650
Epoch [331/600] Loss: 0.022633
Epoch [332/600] Loss: 0.022668
Epoch [333/600] Loss: 0.022623
Epoch [334/600] Loss: 0.022622
Epoch [335/600] Loss: 0.022625
Epoch [336/600] Loss: 0.022648
Epoch [337/600] Loss: 0.022634
Epoch [338/600] Loss: 0.022573
Epoch [339/600] Loss: 0.022718
Epoch [340/600] Loss: 0.022509
Epoch [341/600] Loss: 0.022613
Epoch [342/600] Loss: 0.022486
Epoch [343/600] Loss: 0.022571
Epoch [344/600] Loss: 0.022536
Epoch [345/600] Loss: 0.022591
Epoch [346/600] Loss: 0.022636
Epoch [347/600] Loss: 0.022647
Epoch [348/600] Loss: 0.022621
Epoch [349/600] Loss: 0.022559
Epoch [350/600] Loss: 0.022580 | Val PSNR: 31.6686
Epoch [351/600] Loss: 0.022586
Epoch [352/600] Loss: 0.022594
Epoch [353/600] Loss: 0.022582
Epoch [354/600] Loss: 0.022652
Epoch [355/600] Loss: 0.022609
Epoch [356/600] Loss: 0.022538
Epoch [357/600] Loss: 0.022675
Epoch [358/600] Loss: 0.022617
Epoch [359/600] Loss: 0.022583
Epoch [360/600] Loss: 0.022600
Epoch [361/600] Loss: 0.022582
Epoch [362/600] Loss: 0.022532
Epoch [363/600] Loss: 0.022517
Epoch [364/600] Loss: 0.022607
Epoch [365/600] Loss: 0.022608
Epoch [366/600] Loss: 0.022605
Epoch [367/600] Loss: 0.022650
Epoch [368/600] Loss: 0.022525
Epoch [369/600] Loss: 0.022664
Epoch [370/600] Loss: 0.022616
Epoch [371/600] Loss: 0.022574
Epoch [372/600] Loss: 0.022569
Epoch [373/600] Loss: 0.022645
Epoch [374/600] Loss: 0.022497
Epoch [375/600] Loss: 0.022601
Epoch [376/600] Loss: 0.022594
Epoch [377/600] Loss: 0.022477
Epoch [378/600] Loss: 0.022545
Epoch [379/600] Loss: 0.022630
Epoch [380/600] Loss: 0.022559
Epoch [381/600] Loss: 0.022640
Epoch [382/600] Loss: 0.022586
Epoch [383/600] Loss: 0.022579
Epoch [384/600] Loss: 0.022631
Epoch [385/600] Loss: 0.022538
Epoch [386/600] Loss: 0.022540
Epoch [387/600] Loss: 0.022560
Epoch [388/600] Loss: 0.022512
Epoch [389/600] Loss: 0.022476
Epoch [390/600] Loss: 0.022602
Epoch [391/600] Loss: 0.022590
Epoch [392/600] Loss: 0.022624
Epoch [393/600] Loss: 0.022629
Epoch [394/600] Loss: 0.022513
Epoch [395/600] Loss: 0.022502
Epoch [396/600] Loss: 0.022483
Epoch [397/600] Loss: 0.022523
Epoch [398/600] Loss: 0.022623
Epoch [399/600] Loss: 0.022535
Epoch [400/600] Loss: 0.022545 | Val PSNR: 31.7303
  New best model saved (PSNR: 31.7303)
Epoch [401/600] Loss: 0.022313
Epoch [402/600] Loss: 0.022399
Epoch [403/600] Loss: 0.022410
Epoch [404/600] Loss: 0.022456
Epoch [405/600] Loss: 0.022359
Epoch [406/600] Loss: 0.022476
Epoch [407/600] Loss: 0.022387
Epoch [408/600] Loss: 0.022324
Epoch [409/600] Loss: 0.022386
Epoch [410/600] Loss: 0.022358
Epoch [411/600] Loss: 0.022379
Epoch [412/600] Loss: 0.022341
Epoch [413/600] Loss: 0.022440
Epoch [414/600] Loss: 0.022422
Epoch [415/600] Loss: 0.022380
Epoch [416/600] Loss: 0.022291
Epoch [417/600] Loss: 0.022412
Epoch [418/600] Loss: 0.022381
Epoch [419/600] Loss: 0.022483
Epoch [420/600] Loss: 0.022373
Epoch [421/600] Loss: 0.022383
Epoch [422/600] Loss: 0.022339
Epoch [423/600] Loss: 0.022331
Epoch [424/600] Loss: 0.022376
Epoch [425/600] Loss: 0.022397
Epoch [426/600] Loss: 0.022472
Epoch [427/600] Loss: 0.022360
Epoch [428/600] Loss: 0.022422
Epoch [429/600] Loss: 0.022403
Epoch [430/600] Loss: 0.022440
Epoch [431/600] Loss: 0.022303
Epoch [432/600] Loss: 0.022377
Epoch [433/600] Loss: 0.022490
Epoch [434/600] Loss: 0.022389
Epoch [435/600] Loss: 0.022358
Epoch [436/600] Loss: 0.022313
Epoch [437/600] Loss: 0.022352
Epoch [438/600] Loss: 0.022430
Epoch [439/600] Loss: 0.022343
Epoch [440/600] Loss: 0.022337
Epoch [441/600] Loss: 0.022345
Epoch [442/600] Loss: 0.022329
Epoch [443/600] Loss: 0.022347
Epoch [444/600] Loss: 0.022416
Epoch [445/600] Loss: 0.022318
Epoch [446/600] Loss: 0.022381
Epoch [447/600] Loss: 0.022402
Epoch [448/600] Loss: 0.022321
Epoch [449/600] Loss: 0.022407
Epoch [450/600] Loss: 0.022359 | Val PSNR: 31.7870
  New best model saved (PSNR: 31.7870)
Epoch [451/600] Loss: 0.022353
Epoch [452/600] Loss: 0.022377
Epoch [453/600] Loss: 0.022369
Epoch [454/600] Loss: 0.022418
Epoch [455/600] Loss: 0.022334
Epoch [456/600] Loss: 0.022381
Epoch [457/600] Loss: 0.022368
Epoch [458/600] Loss: 0.022243
Epoch [459/600] Loss: 0.022368
Epoch [460/600] Loss: 0.022375
Epoch [461/600] Loss: 0.022323
Epoch [462/600] Loss: 0.022334
Epoch [463/600] Loss: 0.022340
Epoch [464/600] Loss: 0.022339
Epoch [465/600] Loss: 0.022326
Epoch [466/600] Loss: 0.022386
Epoch [467/600] Loss: 0.022318
Epoch [468/600] Loss: 0.022339
Epoch [469/600] Loss: 0.022425
Epoch [470/600] Loss: 0.022364
Epoch [471/600] Loss: 0.022381
Epoch [472/600] Loss: 0.022239
Epoch [473/600] Loss: 0.022354
Epoch [474/600] Loss: 0.022377
Epoch [475/600] Loss: 0.022322
Epoch [476/600] Loss: 0.022325
Epoch [477/600] Loss: 0.022401
Epoch [478/600] Loss: 0.022308
Epoch [479/600] Loss: 0.022306
Epoch [480/600] Loss: 0.022239
Epoch [481/600] Loss: 0.022389
Epoch [482/600] Loss: 0.022384
Epoch [483/600] Loss: 0.022373
Epoch [484/600] Loss: 0.022342
Epoch [485/600] Loss: 0.022354
Epoch [486/600] Loss: 0.022425
Epoch [487/600] Loss: 0.022386
Epoch [488/600] Loss: 0.022404
Epoch [489/600] Loss: 0.022386
Epoch [490/600] Loss: 0.022277
Epoch [491/600] Loss: 0.022296
Epoch [492/600] Loss: 0.022432
Epoch [493/600] Loss: 0.022261
Epoch [494/600] Loss: 0.022349
Epoch [495/600] Loss: 0.022440
Epoch [496/600] Loss: 0.022438
Epoch [497/600] Loss: 0.022351
Epoch [498/600] Loss: 0.022345
Epoch [499/600] Loss: 0.022263
Epoch [500/600] Loss: 0.022292 | Val PSNR: 31.8161
  New best model saved (PSNR: 31.8161)
Epoch [501/600] Loss: 0.022286
Epoch [502/600] Loss: 0.022352
Epoch [503/600] Loss: 0.022274
Epoch [504/600] Loss: 0.022349
Epoch [505/600] Loss: 0.022314
Epoch [506/600] Loss: 0.022271
Epoch [507/600] Loss: 0.022400
Epoch [508/600] Loss: 0.022338
Epoch [509/600] Loss: 0.022320
Epoch [510/600] Loss: 0.022366
Epoch [511/600] Loss: 0.022254
Epoch [512/600] Loss: 0.022336
Epoch [513/600] Loss: 0.022387
Epoch [514/600] Loss: 0.022385
Epoch [515/600] Loss: 0.022345
Epoch [516/600] Loss: 0.022378
Epoch [517/600] Loss: 0.022381
Epoch [518/600] Loss: 0.022363
Epoch [519/600] Loss: 0.022264
Epoch [520/600] Loss: 0.022290
Epoch [521/600] Loss: 0.022373
Epoch [522/600] Loss: 0.022339
Epoch [523/600] Loss: 0.022281
Epoch [524/600] Loss: 0.022206
Epoch [525/600] Loss: 0.022278
Epoch [526/600] Loss: 0.022439
Epoch [527/600] Loss: 0.022324
Epoch [528/600] Loss: 0.022232
Epoch [529/600] Loss: 0.022324
Epoch [530/600] Loss: 0.022400
Epoch [531/600] Loss: 0.022336
Epoch [532/600] Loss: 0.022318
Epoch [533/600] Loss: 0.022301
Epoch [534/600] Loss: 0.022269
Epoch [535/600] Loss: 0.022318
Epoch [536/600] Loss: 0.022382
Epoch [537/600] Loss: 0.022400
Epoch [538/600] Loss: 0.022290
Epoch [539/600] Loss: 0.022354
Epoch [540/600] Loss: 0.022259
Epoch [541/600] Loss: 0.022354
Epoch [542/600] Loss: 0.022296
Epoch [543/600] Loss: 0.022312
Epoch [544/600] Loss: 0.022252
Epoch [545/600] Loss: 0.022342
Epoch [546/600] Loss: 0.022368
Epoch [547/600] Loss: 0.022328
Epoch [548/600] Loss: 0.022305
Epoch [549/600] Loss: 0.022313
Epoch [550/600] Loss: 0.022325 | Val PSNR: 31.7845
Epoch [551/600] Loss: 0.022187
Epoch [552/600] Loss: 0.022283
Epoch [553/600] Loss: 0.022290
Epoch [554/600] Loss: 0.022227
Epoch [555/600] Loss: 0.022322
Epoch [556/600] Loss: 0.022226
Epoch [557/600] Loss: 0.022283
Epoch [558/600] Loss: 0.022269
Epoch [559/600] Loss: 0.022334
Epoch [560/600] Loss: 0.022310
Epoch [561/600] Loss: 0.022318
Epoch [562/600] Loss: 0.022402
Epoch [563/600] Loss: 0.022146
Epoch [564/600] Loss: 0.022239
Epoch [565/600] Loss: 0.022382
Epoch [566/600] Loss: 0.022321
Epoch [567/600] Loss: 0.022318
Epoch [568/600] Loss: 0.022307
Epoch [569/600] Loss: 0.022338
Epoch [570/600] Loss: 0.022246
Epoch [571/600] Loss: 0.022340
Epoch [572/600] Loss: 0.022294
Epoch [573/600] Loss: 0.022330
Epoch [574/600] Loss: 0.022262
Epoch [575/600] Loss: 0.022286
Epoch [576/600] Loss: 0.022298
Epoch [577/600] Loss: 0.022277
Epoch [578/600] Loss: 0.022296
Epoch [579/600] Loss: 0.022413
Epoch [580/600] Loss: 0.022248
Epoch [581/600] Loss: 0.022290
Epoch [582/600] Loss: 0.022366
Epoch [583/600] Loss: 0.022271
Epoch [584/600] Loss: 0.022374
Epoch [585/600] Loss: 0.022278
Epoch [586/600] Loss: 0.022247
Epoch [587/600] Loss: 0.022176
Epoch [588/600] Loss: 0.022332
Epoch [589/600] Loss: 0.022303
Epoch [590/600] Loss: 0.022263
Epoch [591/600] Loss: 0.022301
Epoch [592/600] Loss: 0.022229
Epoch [593/600] Loss: 0.022269
Epoch [594/600] Loss: 0.022314
Epoch [595/600] Loss: 0.022335
Epoch [596/600] Loss: 0.022280
Epoch [597/600] Loss: 0.022249
Epoch [598/600] Loss: 0.022346
Epoch [599/600] Loss: 0.022207
Epoch [600/600] Loss: 0.022329 | Val PSNR: 31.8447
  New best model saved (PSNR: 31.8447)
