Using device: cuda, AMP: True
Model: edgesr_nolcap, Parameters: 1,435,907
Epoch [1/600] Loss: 0.019461
Epoch [2/600] Loss: 0.015685
Epoch [3/600] Loss: 0.014988
Epoch [4/600] Loss: 0.014641
Epoch [5/600] Loss: 0.014353
Epoch [6/600] Loss: 0.014239
Epoch [7/600] Loss: 0.014055
Epoch [8/600] Loss: 0.013956
Epoch [9/600] Loss: 0.013857
Epoch [10/600] Loss: 0.013818
Epoch [11/600] Loss: 0.013718
Epoch [12/600] Loss: 0.013648
Epoch [13/600] Loss: 0.013616
Epoch [14/600] Loss: 0.013578
Epoch [15/600] Loss: 0.013515
Epoch [16/600] Loss: 0.013494
Epoch [17/600] Loss: 0.013464
Epoch [18/600] Loss: 0.013403
Epoch [19/600] Loss: 0.013395
Epoch [20/600] Loss: 0.013339
Epoch [21/600] Loss: 0.013332
Epoch [22/600] Loss: 0.013333
Epoch [23/600] Loss: 0.013288
Epoch [24/600] Loss: 0.013295
Epoch [25/600] Loss: 0.013245
Epoch [26/600] Loss: 0.013253
Epoch [27/600] Loss: 0.013223
Epoch [28/600] Loss: 0.013207
Epoch [29/600] Loss: 0.013200
Epoch [30/600] Loss: 0.013203
Epoch [31/600] Loss: 0.013184
Epoch [32/600] Loss: 0.013161
Epoch [33/600] Loss: 0.013164
Epoch [34/600] Loss: 0.013132
Epoch [35/600] Loss: 0.013124
Epoch [36/600] Loss: 0.013100
Epoch [37/600] Loss: 0.013109
Epoch [38/600] Loss: 0.013091
Epoch [39/600] Loss: 0.013090
Epoch [40/600] Loss: 0.013076
Epoch [41/600] Loss: 0.013083
Epoch [42/600] Loss: 0.013064
Epoch [43/600] Loss: 0.013052
Epoch [44/600] Loss: 0.013056
Epoch [45/600] Loss: 0.013045
Epoch [46/600] Loss: 0.013026
Epoch [47/600] Loss: 0.013028
Epoch [48/600] Loss: 0.013021
Epoch [49/600] Loss: 0.013016
Epoch [50/600] Loss: 0.013010 | Val PSNR: 37.3653
  New best model saved (PSNR: 37.3653)
Epoch [51/600] Loss: 0.013008
Epoch [52/600] Loss: 0.012993
Epoch [53/600] Loss: 0.013006
Epoch [54/600] Loss: 0.012982
Epoch [55/600] Loss: 0.012979
Epoch [56/600] Loss: 0.012979
Epoch [57/600] Loss: 0.012988
Epoch [58/600] Loss: 0.012972
Epoch [59/600] Loss: 0.012982
Epoch [60/600] Loss: 0.012950
Epoch [61/600] Loss: 0.012979
Epoch [62/600] Loss: 0.012969
Epoch [63/600] Loss: 0.012961
Epoch [64/600] Loss: 0.012946
Epoch [65/600] Loss: 0.012952
Epoch [66/600] Loss: 0.012937
Epoch [67/600] Loss: 0.012935
Epoch [68/600] Loss: 0.012939
Epoch [69/600] Loss: 0.012941
Epoch [70/600] Loss: 0.012936
Epoch [71/600] Loss: 0.012926
Epoch [72/600] Loss: 0.012920
Epoch [73/600] Loss: 0.012917
Epoch [74/600] Loss: 0.012929
Epoch [75/600] Loss: 0.012920
Epoch [76/600] Loss: 0.012919
Epoch [77/600] Loss: 0.012898
Epoch [78/600] Loss: 0.012897
Epoch [79/600] Loss: 0.012902
Epoch [80/600] Loss: 0.012897
Epoch [81/600] Loss: 0.012897
Epoch [82/600] Loss: 0.012895
Epoch [83/600] Loss: 0.012892
Epoch [84/600] Loss: 0.012891
Epoch [85/600] Loss: 0.012884
Epoch [86/600] Loss: 0.012884
Epoch [87/600] Loss: 0.012875
Epoch [88/600] Loss: 0.012882
Epoch [89/600] Loss: 0.012891
Epoch [90/600] Loss: 0.012877
Epoch [91/600] Loss: 0.012879
Epoch [92/600] Loss: 0.012867
Epoch [93/600] Loss: 0.012855
Epoch [94/600] Loss: 0.012865
Epoch [95/600] Loss: 0.012864
Epoch [96/600] Loss: 0.012859
Epoch [97/600] Loss: 0.012856
Epoch [98/600] Loss: 0.012850
Epoch [99/600] Loss: 0.012862
Epoch [100/600] Loss: 0.012852 | Val PSNR: 37.4330
  New best model saved (PSNR: 37.4330)
Epoch [101/600] Loss: 0.012845
Epoch [102/600] Loss: 0.012853
Epoch [103/600] Loss: 0.012838
Epoch [104/600] Loss: 0.012856
Epoch [105/600] Loss: 0.012834
Epoch [106/600] Loss: 0.012832
Epoch [107/600] Loss: 0.012836
Epoch [108/600] Loss: 0.012833
Epoch [109/600] Loss: 0.012830
Epoch [110/600] Loss: 0.012836
Epoch [111/600] Loss: 0.012823
Epoch [112/600] Loss: 0.012832
Epoch [113/600] Loss: 0.012828
Epoch [114/600] Loss: 0.012840
Epoch [115/600] Loss: 0.012819
Epoch [116/600] Loss: 0.012812
Epoch [117/600] Loss: 0.012820
Epoch [118/600] Loss: 0.012814
Epoch [119/600] Loss: 0.012822
Epoch [120/600] Loss: 0.012816
Epoch [121/600] Loss: 0.012823
Epoch [122/600] Loss: 0.012814
Epoch [123/600] Loss: 0.012806
Epoch [124/600] Loss: 0.012810
Epoch [125/600] Loss: 0.012813
Epoch [126/600] Loss: 0.012796
Epoch [127/600] Loss: 0.012805
Epoch [128/600] Loss: 0.012802
Epoch [129/600] Loss: 0.012807
Epoch [130/600] Loss: 0.012802
Epoch [131/600] Loss: 0.012798
Epoch [132/600] Loss: 0.012792
Epoch [133/600] Loss: 0.012797
Epoch [134/600] Loss: 0.012804
Epoch [135/600] Loss: 0.012789
Epoch [136/600] Loss: 0.012796
Epoch [137/600] Loss: 0.012795
Epoch [138/600] Loss: 0.012795
Epoch [139/600] Loss: 0.012794
Epoch [140/600] Loss: 0.012793
Epoch [141/600] Loss: 0.012793
Epoch [142/600] Loss: 0.012773
Epoch [143/600] Loss: 0.012787
Epoch [144/600] Loss: 0.012793
Epoch [145/600] Loss: 0.012784
Epoch [146/600] Loss: 0.012792
Epoch [147/600] Loss: 0.012783
Epoch [148/600] Loss: 0.012781
Epoch [149/600] Loss: 0.012781
Epoch [150/600] Loss: 0.012765 | Val PSNR: 37.6137
  New best model saved (PSNR: 37.6137)
Epoch [151/600] Loss: 0.012785
Epoch [152/600] Loss: 0.012775
Epoch [153/600] Loss: 0.012776
Epoch [154/600] Loss: 0.012777
Epoch [155/600] Loss: 0.012766
Epoch [156/600] Loss: 0.012773
Epoch [157/600] Loss: 0.012774
Epoch [158/600] Loss: 0.012767
Epoch [159/600] Loss: 0.012769
Epoch [160/600] Loss: 0.012757
Epoch [161/600] Loss: 0.012772
Epoch [162/600] Loss: 0.012762
Epoch [163/600] Loss: 0.012762
Epoch [164/600] Loss: 0.012765
Epoch [165/600] Loss: 0.012763
Epoch [166/600] Loss: 0.012760
Epoch [167/600] Loss: 0.012765
Epoch [168/600] Loss: 0.012760
Epoch [169/600] Loss: 0.012759
Epoch [170/600] Loss: 0.012750
Epoch [171/600] Loss: 0.012760
Epoch [172/600] Loss: 0.012751
Epoch [173/600] Loss: 0.012755
Epoch [174/600] Loss: 0.012746
Epoch [175/600] Loss: 0.012754
Epoch [176/600] Loss: 0.012747
Epoch [177/600] Loss: 0.012741
Epoch [178/600] Loss: 0.012738
Epoch [179/600] Loss: 0.012744
Epoch [180/600] Loss: 0.012754
Epoch [181/600] Loss: 0.012741
Epoch [182/600] Loss: 0.012736
Epoch [183/600] Loss: 0.012738
Epoch [184/600] Loss: 0.012735
Epoch [185/600] Loss: 0.012744
Epoch [186/600] Loss: 0.012726
Epoch [187/600] Loss: 0.012737
Epoch [188/600] Loss: 0.012728
Epoch [189/600] Loss: 0.012729
Epoch [190/600] Loss: 0.012735
Epoch [191/600] Loss: 0.012733
Epoch [192/600] Loss: 0.012730
Epoch [193/600] Loss: 0.012735
Epoch [194/600] Loss: 0.012730
Epoch [195/600] Loss: 0.012732
Epoch [196/600] Loss: 0.012728
Epoch [197/600] Loss: 0.012729
Epoch [198/600] Loss: 0.012730
Epoch [199/600] Loss: 0.012715
Epoch [200/600] Loss: 0.012733 | Val PSNR: 37.3082
Epoch [201/600] Loss: 0.012634
Epoch [202/600] Loss: 0.012627
Epoch [203/600] Loss: 0.012626
Epoch [204/600] Loss: 0.012622
Epoch [205/600] Loss: 0.012626
Epoch [206/600] Loss: 0.012622
Epoch [207/600] Loss: 0.012624
Epoch [208/600] Loss: 0.012616
Epoch [209/600] Loss: 0.012619
Epoch [210/600] Loss: 0.012620
Epoch [211/600] Loss: 0.012618
Epoch [212/600] Loss: 0.012617
Epoch [213/600] Loss: 0.012618
Epoch [214/600] Loss: 0.012615
Epoch [215/600] Loss: 0.012622
Epoch [216/600] Loss: 0.012615
Epoch [217/600] Loss: 0.012614
Epoch [218/600] Loss: 0.012617
Epoch [219/600] Loss: 0.012614
Epoch [220/600] Loss: 0.012613
Epoch [221/600] Loss: 0.012610
Epoch [222/600] Loss: 0.012613
Epoch [223/600] Loss: 0.012610
Epoch [224/600] Loss: 0.012615
Epoch [225/600] Loss: 0.012611
Epoch [226/600] Loss: 0.012612
Epoch [227/600] Loss: 0.012610
Epoch [228/600] Loss: 0.012610
Epoch [229/600] Loss: 0.012615
Epoch [230/600] Loss: 0.012610
Epoch [231/600] Loss: 0.012607
Epoch [232/600] Loss: 0.012608
Epoch [233/600] Loss: 0.012611
Epoch [234/600] Loss: 0.012609
Epoch [235/600] Loss: 0.012603
Epoch [236/600] Loss: 0.012605
Epoch [237/600] Loss: 0.012606
Epoch [238/600] Loss: 0.012604
Epoch [239/600] Loss: 0.012606
Epoch [240/600] Loss: 0.012602
Epoch [241/600] Loss: 0.012608
Epoch [242/600] Loss: 0.012605
Epoch [243/600] Loss: 0.012605
Epoch [244/600] Loss: 0.012606
Epoch [245/600] Loss: 0.012603
Epoch [246/600] Loss: 0.012603
Epoch [247/600] Loss: 0.012606
Epoch [248/600] Loss: 0.012603
Epoch [249/600] Loss: 0.012599
Epoch [250/600] Loss: 0.012598 | Val PSNR: 37.5669
Epoch [251/600] Loss: 0.012603
Epoch [252/600] Loss: 0.012601
Epoch [253/600] Loss: 0.012606
Epoch [254/600] Loss: 0.012600
Epoch [255/600] Loss: 0.012599
Epoch [256/600] Loss: 0.012603
Epoch [257/600] Loss: 0.012603
Epoch [258/600] Loss: 0.012594
Epoch [259/600] Loss: 0.012598
Epoch [260/600] Loss: 0.012599
Epoch [261/600] Loss: 0.012600
Epoch [262/600] Loss: 0.012603
Epoch [263/600] Loss: 0.012593
Epoch [264/600] Loss: 0.012597
Epoch [265/600] Loss: 0.012599
Epoch [266/600] Loss: 0.012597
Epoch [267/600] Loss: 0.012599
Epoch [268/600] Loss: 0.012597
Epoch [269/600] Loss: 0.012595
Epoch [270/600] Loss: 0.012594
Epoch [271/600] Loss: 0.012599
Epoch [272/600] Loss: 0.012590
Epoch [273/600] Loss: 0.012598
Epoch [274/600] Loss: 0.012595
Epoch [275/600] Loss: 0.012595
Epoch [276/600] Loss: 0.012593
Epoch [277/600] Loss: 0.012598
Epoch [278/600] Loss: 0.012596
Epoch [279/600] Loss: 0.012595
Epoch [280/600] Loss: 0.012592
Epoch [281/600] Loss: 0.012595
Epoch [282/600] Loss: 0.012598
Epoch [283/600] Loss: 0.012594
Epoch [284/600] Loss: 0.012593
Epoch [285/600] Loss: 0.012590
Epoch [286/600] Loss: 0.012591
Epoch [287/600] Loss: 0.012589
Epoch [288/600] Loss: 0.012593
Epoch [289/600] Loss: 0.012592
Epoch [290/600] Loss: 0.012592
Epoch [291/600] Loss: 0.012590
Epoch [292/600] Loss: 0.012587
Epoch [293/600] Loss: 0.012591
Epoch [294/600] Loss: 0.012595
Epoch [295/600] Loss: 0.012593
Epoch [296/600] Loss: 0.012587
Epoch [297/600] Loss: 0.012589
Epoch [298/600] Loss: 0.012586
Epoch [299/600] Loss: 0.012591
Epoch [300/600] Loss: 0.012587 | Val PSNR: 37.7483
  New best model saved (PSNR: 37.7483)
Epoch [301/600] Loss: 0.012591
Epoch [302/600] Loss: 0.012586
Epoch [303/600] Loss: 0.012587
Epoch [304/600] Loss: 0.012586
Epoch [305/600] Loss: 0.012584
Epoch [306/600] Loss: 0.012585
Epoch [307/600] Loss: 0.012586
Epoch [308/600] Loss: 0.012588
Epoch [309/600] Loss: 0.012579
Epoch [310/600] Loss: 0.012585
Epoch [311/600] Loss: 0.012582
Epoch [312/600] Loss: 0.012588
Epoch [313/600] Loss: 0.012580
Epoch [314/600] Loss: 0.012584
Epoch [315/600] Loss: 0.012583
Epoch [316/600] Loss: 0.012584
Epoch [317/600] Loss: 0.012582
Epoch [318/600] Loss: 0.012583
Epoch [319/600] Loss: 0.012585
Epoch [320/600] Loss: 0.012583
Epoch [321/600] Loss: 0.012585
Epoch [322/600] Loss: 0.012581
Epoch [323/600] Loss: 0.012578
Epoch [324/600] Loss: 0.012580
Epoch [325/600] Loss: 0.012577
Epoch [326/600] Loss: 0.012580
Epoch [327/600] Loss: 0.012578
Epoch [328/600] Loss: 0.012581
Epoch [329/600] Loss: 0.012577
Epoch [330/600] Loss: 0.012580
Epoch [331/600] Loss: 0.012577
Epoch [332/600] Loss: 0.012581
Epoch [333/600] Loss: 0.012580
Epoch [334/600] Loss: 0.012579
Epoch [335/600] Loss: 0.012578
Epoch [336/600] Loss: 0.012579
Epoch [337/600] Loss: 0.012574
Epoch [338/600] Loss: 0.012576
Epoch [339/600] Loss: 0.012581
Epoch [340/600] Loss: 0.012578
Epoch [341/600] Loss: 0.012574
Epoch [342/600] Loss: 0.012576
Epoch [343/600] Loss: 0.012574
Epoch [344/600] Loss: 0.012571
Epoch [345/600] Loss: 0.012572
Epoch [346/600] Loss: 0.012574
Epoch [347/600] Loss: 0.012569
Epoch [348/600] Loss: 0.012575
Epoch [349/600] Loss: 0.012576
Epoch [350/600] Loss: 0.012574 | Val PSNR: 37.7545
  New best model saved (PSNR: 37.7545)
Epoch [351/600] Loss: 0.012584
Epoch [352/600] Loss: 0.012571
Epoch [353/600] Loss: 0.012569
Epoch [354/600] Loss: 0.012568
Epoch [355/600] Loss: 0.012575
Epoch [356/600] Loss: 0.012574
Epoch [357/600] Loss: 0.012575
Epoch [358/600] Loss: 0.012574
Epoch [359/600] Loss: 0.012572
Epoch [360/600] Loss: 0.012571
Epoch [361/600] Loss: 0.012567
Epoch [362/600] Loss: 0.012571
Epoch [363/600] Loss: 0.012567
Epoch [364/600] Loss: 0.012571
Epoch [365/600] Loss: 0.012573
Epoch [366/600] Loss: 0.012568
Epoch [367/600] Loss: 0.012574
Epoch [368/600] Loss: 0.012566
Epoch [369/600] Loss: 0.012564
Epoch [370/600] Loss: 0.012568
Epoch [371/600] Loss: 0.012569
Epoch [372/600] Loss: 0.012568
Epoch [373/600] Loss: 0.012571
Epoch [374/600] Loss: 0.012568
Epoch [375/600] Loss: 0.012566
Epoch [376/600] Loss: 0.012567
Epoch [377/600] Loss: 0.012569
Epoch [378/600] Loss: 0.012565
Epoch [379/600] Loss: 0.012562
Epoch [380/600] Loss: 0.012563
Epoch [381/600] Loss: 0.012566
Epoch [382/600] Loss: 0.012568
Epoch [383/600] Loss: 0.012569
Epoch [384/600] Loss: 0.012564
Epoch [385/600] Loss: 0.012565
Epoch [386/600] Loss: 0.012568
Epoch [387/600] Loss: 0.012564
Epoch [388/600] Loss: 0.012562
Epoch [389/600] Loss: 0.012564
Epoch [390/600] Loss: 0.012561
Epoch [391/600] Loss: 0.012564
Epoch [392/600] Loss: 0.012564
Epoch [393/600] Loss: 0.012560
Epoch [394/600] Loss: 0.012563
Epoch [395/600] Loss: 0.012566
Epoch [396/600] Loss: 0.012561
Epoch [397/600] Loss: 0.012564
Epoch [398/600] Loss: 0.012562
Epoch [399/600] Loss: 0.012566
Epoch [400/600] Loss: 0.012563 | Val PSNR: 37.7411
Epoch [401/600] Loss: 0.012516
Epoch [402/600] Loss: 0.012516
Epoch [403/600] Loss: 0.012512
Epoch [404/600] Loss: 0.012510
Epoch [405/600] Loss: 0.012509
Epoch [406/600] Loss: 0.012512
Epoch [407/600] Loss: 0.012510
Epoch [408/600] Loss: 0.012511
Epoch [409/600] Loss: 0.012509
Epoch [410/600] Loss: 0.012509
Epoch [411/600] Loss: 0.012509
Epoch [412/600] Loss: 0.012510
Epoch [413/600] Loss: 0.012511
Epoch [414/600] Loss: 0.012510
Epoch [415/600] Loss: 0.012510
Epoch [416/600] Loss: 0.012512
Epoch [417/600] Loss: 0.012510
Epoch [418/600] Loss: 0.012508
Epoch [419/600] Loss: 0.012509
Epoch [420/600] Loss: 0.012507
Epoch [421/600] Loss: 0.012510
Epoch [422/600] Loss: 0.012507
Epoch [423/600] Loss: 0.012512
Epoch [424/600] Loss: 0.012509
Epoch [425/600] Loss: 0.012507
Epoch [426/600] Loss: 0.012504
Epoch [427/600] Loss: 0.012506
Epoch [428/600] Loss: 0.012505
Epoch [429/600] Loss: 0.012507
Epoch [430/600] Loss: 0.012509
Epoch [431/600] Loss: 0.012506
Epoch [432/600] Loss: 0.012504
Epoch [433/600] Loss: 0.012505
Epoch [434/600] Loss: 0.012505
Epoch [435/600] Loss: 0.012505
Epoch [436/600] Loss: 0.012504
Epoch [437/600] Loss: 0.012506
Epoch [438/600] Loss: 0.012510
Epoch [439/600] Loss: 0.012505
Epoch [440/600] Loss: 0.012503
Epoch [441/600] Loss: 0.012506
Epoch [442/600] Loss: 0.012504
Epoch [443/600] Loss: 0.012504
Epoch [444/600] Loss: 0.012503
Epoch [445/600] Loss: 0.012503
Epoch [446/600] Loss: 0.012504
Epoch [447/600] Loss: 0.012503
Epoch [448/600] Loss: 0.012503
Epoch [449/600] Loss: 0.012499
Epoch [450/600] Loss: 0.012503 | Val PSNR: 37.7992
  New best model saved (PSNR: 37.7992)
Epoch [451/600] Loss: 0.012501
Epoch [452/600] Loss: 0.012503
Epoch [453/600] Loss: 0.012505
Epoch [454/600] Loss: 0.012503
Epoch [455/600] Loss: 0.012499
Epoch [456/600] Loss: 0.012503
Epoch [457/600] Loss: 0.012503
Epoch [458/600] Loss: 0.012499
Epoch [459/600] Loss: 0.012501
Epoch [460/600] Loss: 0.012501
Epoch [461/600] Loss: 0.012502
Epoch [462/600] Loss: 0.012500
Epoch [463/600] Loss: 0.012500
Epoch [464/600] Loss: 0.012500
Epoch [465/600] Loss: 0.012500
Epoch [466/600] Loss: 0.012498
Epoch [467/600] Loss: 0.012501
Epoch [468/600] Loss: 0.012497
Epoch [469/600] Loss: 0.012503
Epoch [470/600] Loss: 0.012501
Epoch [471/600] Loss: 0.012500
Epoch [472/600] Loss: 0.012498
Epoch [473/600] Loss: 0.012500
Epoch [474/600] Loss: 0.012498
Epoch [475/600] Loss: 0.012499
Epoch [476/600] Loss: 0.012497
Epoch [477/600] Loss: 0.012497
Epoch [478/600] Loss: 0.012498
Epoch [479/600] Loss: 0.012502
Epoch [480/600] Loss: 0.012498
Epoch [481/600] Loss: 0.012498
Epoch [482/600] Loss: 0.012498
Epoch [483/600] Loss: 0.012499
Epoch [484/600] Loss: 0.012496
Epoch [485/600] Loss: 0.012496
Epoch [486/600] Loss: 0.012498
Epoch [487/600] Loss: 0.012497
Epoch [488/600] Loss: 0.012496
Epoch [489/600] Loss: 0.012499
Epoch [490/600] Loss: 0.012497
Epoch [491/600] Loss: 0.012495
Epoch [492/600] Loss: 0.012500
Epoch [493/600] Loss: 0.012497
Epoch [494/600] Loss: 0.012497
Epoch [495/600] Loss: 0.012498
Epoch [496/600] Loss: 0.012499
Epoch [497/600] Loss: 0.012497
Epoch [498/600] Loss: 0.012497
Epoch [499/600] Loss: 0.012499
Epoch [500/600] Loss: 0.012497 | Val PSNR: 37.6714
Epoch [501/600] Loss: 0.012497
Epoch [502/600] Loss: 0.012497
Epoch [503/600] Loss: 0.012501
Epoch [504/600] Loss: 0.012497
Epoch [505/600] Loss: 0.012496
Epoch [506/600] Loss: 0.012499
Epoch [507/600] Loss: 0.012499
Epoch [508/600] Loss: 0.012495
Epoch [509/600] Loss: 0.012497
Epoch [510/600] Loss: 0.012499
Epoch [511/600] Loss: 0.012497
Epoch [512/600] Loss: 0.012498
Epoch [513/600] Loss: 0.012495
Epoch [514/600] Loss: 0.012495
Epoch [515/600] Loss: 0.012498
Epoch [516/600] Loss: 0.012497
Epoch [517/600] Loss: 0.012495
Epoch [518/600] Loss: 0.012499
Epoch [519/600] Loss: 0.012494
Epoch [520/600] Loss: 0.012494
Epoch [521/600] Loss: 0.012493
Epoch [522/600] Loss: 0.012497
Epoch [523/600] Loss: 0.012491
Epoch [524/600] Loss: 0.012493
Epoch [525/600] Loss: 0.012495
Epoch [526/600] Loss: 0.012493
Epoch [527/600] Loss: 0.012496
Epoch [528/600] Loss: 0.012494
Epoch [529/600] Loss: 0.012494
Epoch [530/600] Loss: 0.012495
Epoch [531/600] Loss: 0.012493
Epoch [532/600] Loss: 0.012496
Epoch [533/600] Loss: 0.012493
Epoch [534/600] Loss: 0.012499
Epoch [535/600] Loss: 0.012493
Epoch [536/600] Loss: 0.012497
Epoch [537/600] Loss: 0.012495
Epoch [538/600] Loss: 0.012494
Epoch [539/600] Loss: 0.012491
Epoch [540/600] Loss: 0.012492
Epoch [541/600] Loss: 0.012492
Epoch [542/600] Loss: 0.012496
Epoch [543/600] Loss: 0.012494
Epoch [544/600] Loss: 0.012493
Epoch [545/600] Loss: 0.012492
Epoch [546/600] Loss: 0.012493
Epoch [547/600] Loss: 0.012490
Epoch [548/600] Loss: 0.012492
Epoch [549/600] Loss: 0.012492
Epoch [550/600] Loss: 0.012494 | Val PSNR: 37.7991
Epoch [551/600] Loss: 0.012495
Epoch [552/600] Loss: 0.012492
Epoch [553/600] Loss: 0.012490
Epoch [554/600] Loss: 0.012491
Epoch [555/600] Loss: 0.012491
Epoch [556/600] Loss: 0.012490
Epoch [557/600] Loss: 0.012489
Epoch [558/600] Loss: 0.012491
Epoch [559/600] Loss: 0.012489
Epoch [560/600] Loss: 0.012492
Epoch [561/600] Loss: 0.012490
Epoch [562/600] Loss: 0.012491
Epoch [563/600] Loss: 0.012493
Epoch [564/600] Loss: 0.012489
Epoch [565/600] Loss: 0.012490
Epoch [566/600] Loss: 0.012487
Epoch [567/600] Loss: 0.012491
Epoch [568/600] Loss: 0.012489
Epoch [569/600] Loss: 0.012489
Epoch [570/600] Loss: 0.012489
Epoch [571/600] Loss: 0.012487
Epoch [572/600] Loss: 0.012491
Epoch [573/600] Loss: 0.012492
Epoch [574/600] Loss: 0.012489
Epoch [575/600] Loss: 0.012488
Epoch [576/600] Loss: 0.012490
Epoch [577/600] Loss: 0.012489
Epoch [578/600] Loss: 0.012487
Epoch [579/600] Loss: 0.012491
Epoch [580/600] Loss: 0.012493
Epoch [581/600] Loss: 0.012489
Epoch [582/600] Loss: 0.012492
Epoch [583/600] Loss: 0.012489
Epoch [584/600] Loss: 0.012492
Epoch [585/600] Loss: 0.012489
Epoch [586/600] Loss: 0.012494
Epoch [587/600] Loss: 0.012489
Epoch [588/600] Loss: 0.012492
Epoch [589/600] Loss: 0.012489
Epoch [590/600] Loss: 0.012488
Epoch [591/600] Loss: 0.012487
Epoch [592/600] Loss: 0.012489
Epoch [593/600] Loss: 0.012490
Epoch [594/600] Loss: 0.012492
Epoch [595/600] Loss: 0.012487
Epoch [596/600] Loss: 0.012485
Epoch [597/600] Loss: 0.012485
Epoch [598/600] Loss: 0.012486
Epoch [599/600] Loss: 0.012487
Epoch [600/600] Loss: 0.012487 | Val PSNR: 37.7939
