Using device: cuda, AMP: True
Loaded pretrained EdgeSR from ./checkpoints/edgesr_standard_best.pt
Model: edgesr_pruned, Parameters: 1,435,907
Epoch [1/200] Loss: 0.388195
Epoch [2/200] Loss: 0.016325
Epoch [3/200] Loss: 0.015674
Epoch [4/200] Loss: 0.015189
Epoch [5/200] Loss: 0.014866
Epoch [6/200] Loss: 0.014621
Epoch [7/200] Loss: 0.014406
Epoch [8/200] Loss: 0.014191
Epoch [9/200] Loss: 0.013998
Epoch [10/200] Loss: 0.013833
Epoch [11/200] Loss: 0.013701
Epoch [12/200] Loss: 0.013607
Epoch [13/200] Loss: 0.013526
Epoch [14/200] Loss: 0.013465
Epoch [15/200] Loss: 0.013401
Epoch [16/200] Loss: 0.013352
Epoch [17/200] Loss: 0.013307
Epoch [18/200] Loss: 0.013273
Epoch [19/200] Loss: 0.013246
Epoch [20/200] Loss: 0.013219
Epoch [21/200] Loss: 0.013201
Epoch [22/200] Loss: 0.013180
Epoch [23/200] Loss: 0.013161
Epoch [24/200] Loss: 0.013144
Epoch [25/200] Loss: 0.013128
Epoch [26/200] Loss: 0.013113
Epoch [27/200] Loss: 0.013101
Epoch [28/200] Loss: 0.013087
Epoch [29/200] Loss: 0.013076
Epoch [30/200] Loss: 0.013068
Epoch [31/200] Loss: 0.013057
Epoch [32/200] Loss: 0.013050
Epoch [33/200] Loss: 0.013042
Epoch [34/200] Loss: 0.013032
Epoch [35/200] Loss: 0.013025
Epoch [36/200] Loss: 0.013020
Epoch [37/200] Loss: 0.013011
Epoch [38/200] Loss: 0.013007
Epoch [39/200] Loss: 0.012998
Epoch [40/200] Loss: 0.012995
Epoch [41/200] Loss: 0.012983
Epoch [42/200] Loss: 0.012977
Epoch [43/200] Loss: 0.012975
Epoch [44/200] Loss: 0.012967
Epoch [45/200] Loss: 0.012964
Epoch [46/200] Loss: 0.012959
Epoch [47/200] Loss: 0.012952
Epoch [48/200] Loss: 0.012950
Epoch [49/200] Loss: 0.012945
Epoch [50/200] Loss: 0.012942 | Val PSNR: 37.5084
  New best model saved (PSNR: 37.5084)
Epoch [51/200] Loss: 0.012911
Epoch [52/200] Loss: 0.012910
Epoch [53/200] Loss: 0.012906
Epoch [54/200] Loss: 0.012903
Epoch [55/200] Loss: 0.012902
Epoch [56/200] Loss: 0.012898
Epoch [57/200] Loss: 0.012896
Epoch [58/200] Loss: 0.012897
Epoch [59/200] Loss: 0.012895
Epoch [60/200] Loss: 0.012892
Epoch [61/200] Loss: 0.012891
Epoch [62/200] Loss: 0.012890
Epoch [63/200] Loss: 0.012891
Epoch [64/200] Loss: 0.012888
Epoch [65/200] Loss: 0.012887
Epoch [66/200] Loss: 0.012883
Epoch [67/200] Loss: 0.012883
Epoch [68/200] Loss: 0.012880
Epoch [69/200] Loss: 0.012881
Epoch [70/200] Loss: 0.012878
Epoch [71/200] Loss: 0.012877
Epoch [72/200] Loss: 0.012876
Epoch [73/200] Loss: 0.012874
Epoch [74/200] Loss: 0.012871
Epoch [75/200] Loss: 0.012873
Epoch [76/200] Loss: 0.012869
Epoch [77/200] Loss: 0.012866
Epoch [78/200] Loss: 0.012866
Epoch [79/200] Loss: 0.012866
Epoch [80/200] Loss: 0.012863
Epoch [81/200] Loss: 0.012862
Epoch [82/200] Loss: 0.012861
Epoch [83/200] Loss: 0.012861
Epoch [84/200] Loss: 0.012858
Epoch [85/200] Loss: 0.012858
Epoch [86/200] Loss: 0.012859
Epoch [87/200] Loss: 0.012853
Epoch [88/200] Loss: 0.012853
Epoch [89/200] Loss: 0.012853
Epoch [90/200] Loss: 0.012850
Epoch [91/200] Loss: 0.012849
Epoch [92/200] Loss: 0.012848
Epoch [93/200] Loss: 0.012846
Epoch [94/200] Loss: 0.012846
Epoch [95/200] Loss: 0.012847
Epoch [96/200] Loss: 0.012844
Epoch [97/200] Loss: 0.012845
Epoch [98/200] Loss: 0.012841
Epoch [99/200] Loss: 0.012843
Epoch [100/200] Loss: 0.012843 | Val PSNR: 37.5921
  New best model saved (PSNR: 37.5921)
Epoch [101/200] Loss: 0.012826
Epoch [102/200] Loss: 0.012825
Epoch [103/200] Loss: 0.012827
Epoch [104/200] Loss: 0.012825
Epoch [105/200] Loss: 0.012824
Epoch [106/200] Loss: 0.012823
Epoch [107/200] Loss: 0.012822
Epoch [108/200] Loss: 0.012820
Epoch [109/200] Loss: 0.012818
Epoch [110/200] Loss: 0.012821
Epoch [111/200] Loss: 0.012820
Epoch [112/200] Loss: 0.012819
Epoch [113/200] Loss: 0.012818
Epoch [114/200] Loss: 0.012817
Epoch [115/200] Loss: 0.012817
Epoch [116/200] Loss: 0.012818
Epoch [117/200] Loss: 0.012815
Epoch [118/200] Loss: 0.012814
Epoch [119/200] Loss: 0.012816
Epoch [120/200] Loss: 0.012816
Epoch [121/200] Loss: 0.012815
Epoch [122/200] Loss: 0.012814
Epoch [123/200] Loss: 0.012812
Epoch [124/200] Loss: 0.012814
Epoch [125/200] Loss: 0.012812
Epoch [126/200] Loss: 0.012812
Epoch [127/200] Loss: 0.012810
Epoch [128/200] Loss: 0.012811
Epoch [129/200] Loss: 0.012812
Epoch [130/200] Loss: 0.012811
Epoch [131/200] Loss: 0.012808
Epoch [132/200] Loss: 0.012809
Epoch [133/200] Loss: 0.012808
Epoch [134/200] Loss: 0.012809
Epoch [135/200] Loss: 0.012807
Epoch [136/200] Loss: 0.012809
Epoch [137/200] Loss: 0.012808
Epoch [138/200] Loss: 0.012806
Epoch [139/200] Loss: 0.012808
Epoch [140/200] Loss: 0.012806
Epoch [141/200] Loss: 0.012805
Epoch [142/200] Loss: 0.012806
Epoch [143/200] Loss: 0.012806
Epoch [144/200] Loss: 0.012806
Epoch [145/200] Loss: 0.012805
Epoch [146/200] Loss: 0.012802
Epoch [147/200] Loss: 0.012802
Epoch [148/200] Loss: 0.012802
Epoch [149/200] Loss: 0.012805
Epoch [150/200] Loss: 0.012803 | Val PSNR: 37.6080
  New best model saved (PSNR: 37.6080)
Epoch [151/200] Loss: 0.012794
Epoch [152/200] Loss: 0.012795
Epoch [153/200] Loss: 0.012794
Epoch [154/200] Loss: 0.012793
Epoch [155/200] Loss: 0.012794
Epoch [156/200] Loss: 0.012795
Epoch [157/200] Loss: 0.012792
Epoch [158/200] Loss: 0.012792
Epoch [159/200] Loss: 0.012792
Epoch [160/200] Loss: 0.012791
Epoch [161/200] Loss: 0.012792
Epoch [162/200] Loss: 0.012792
Epoch [163/200] Loss: 0.012791
Epoch [164/200] Loss: 0.012795
Epoch [165/200] Loss: 0.012792
Epoch [166/200] Loss: 0.012792
Epoch [167/200] Loss: 0.012791
Epoch [168/200] Loss: 0.012791
Epoch [169/200] Loss: 0.012791
Epoch [170/200] Loss: 0.012793
Epoch [171/200] Loss: 0.012791
Epoch [172/200] Loss: 0.012789
Epoch [173/200] Loss: 0.012791
Epoch [174/200] Loss: 0.012788
Epoch [175/200] Loss: 0.012790
Epoch [176/200] Loss: 0.012789
Epoch [177/200] Loss: 0.012787
Epoch [178/200] Loss: 0.012790
Epoch [179/200] Loss: 0.012787
Epoch [180/200] Loss: 0.012788
Epoch [181/200] Loss: 0.012787
Epoch [182/200] Loss: 0.012788
Epoch [183/200] Loss: 0.012785
Epoch [184/200] Loss: 0.012788
Epoch [185/200] Loss: 0.012787
Epoch [186/200] Loss: 0.012788
Epoch [187/200] Loss: 0.012787
Epoch [188/200] Loss: 0.012787
Epoch [189/200] Loss: 0.012785
Epoch [190/200] Loss: 0.012787
Epoch [191/200] Loss: 0.012787
Epoch [192/200] Loss: 0.012787
Epoch [193/200] Loss: 0.012785
Epoch [194/200] Loss: 0.012785
Epoch [195/200] Loss: 0.012785
Epoch [196/200] Loss: 0.012786
Epoch [197/200] Loss: 0.012786
Epoch [198/200] Loss: 0.012785
Epoch [199/200] Loss: 0.012785
Epoch [200/200] Loss: 0.012784 | Val PSNR: 37.6147
  New best model saved (PSNR: 37.6147)
