Using device: cuda, AMP: True
Model: baseline, Parameters: 1,369,859
Epoch [1/600] Loss: 0.019393
Epoch [2/600] Loss: 0.015783
Epoch [3/600] Loss: 0.015094
Epoch [4/600] Loss: 0.014712
Epoch [5/600] Loss: 0.014513
Epoch [6/600] Loss: 0.014271
Epoch [7/600] Loss: 0.014132
Epoch [8/600] Loss: 0.014039
Epoch [9/600] Loss: 0.013926
Epoch [10/600] Loss: 0.013867
Epoch [11/600] Loss: 0.013774
Epoch [12/600] Loss: 0.013702
Epoch [13/600] Loss: 0.013664
Epoch [14/600] Loss: 0.013601
Epoch [15/600] Loss: 0.013527
Epoch [16/600] Loss: 0.013527
Epoch [17/600] Loss: 0.013469
Epoch [18/600] Loss: 0.013445
Epoch [19/600] Loss: 0.013418
Epoch [20/600] Loss: 0.013402
Epoch [21/600] Loss: 0.013358
Epoch [22/600] Loss: 0.013340
Epoch [23/600] Loss: 0.013307
Epoch [24/600] Loss: 0.013285
Epoch [25/600] Loss: 0.013280
Epoch [26/600] Loss: 0.013276
Epoch [27/600] Loss: 0.013249
Epoch [28/600] Loss: 0.013228
Epoch [29/600] Loss: 0.013210
Epoch [30/600] Loss: 0.013196
Epoch [31/600] Loss: 0.013193
Epoch [32/600] Loss: 0.013206
Epoch [33/600] Loss: 0.013159
Epoch [34/600] Loss: 0.013155
Epoch [35/600] Loss: 0.013146
Epoch [36/600] Loss: 0.013121
Epoch [37/600] Loss: 0.013126
Epoch [38/600] Loss: 0.013113
Epoch [39/600] Loss: 0.013098
Epoch [40/600] Loss: 0.013114
Epoch [41/600] Loss: 0.013097
Epoch [42/600] Loss: 0.013093
Epoch [43/600] Loss: 0.013075
Epoch [44/600] Loss: 0.013058
Epoch [45/600] Loss: 0.013060
Epoch [46/600] Loss: 0.013048
Epoch [47/600] Loss: 0.013062
Epoch [48/600] Loss: 0.013046
Epoch [49/600] Loss: 0.013036
Epoch [50/600] Loss: 0.013020 | Val PSNR: 37.4553
  New best model saved (PSNR: 37.4553)
Epoch [51/600] Loss: 0.013036
Epoch [52/600] Loss: 0.013012
Epoch [53/600] Loss: 0.012998
Epoch [54/600] Loss: 0.012999
Epoch [55/600] Loss: 0.013001
Epoch [56/600] Loss: 0.012994
Epoch [57/600] Loss: 0.012994
Epoch [58/600] Loss: 0.012982
Epoch [59/600] Loss: 0.012980
Epoch [60/600] Loss: 0.012965
Epoch [61/600] Loss: 0.012980
Epoch [62/600] Loss: 0.012955
Epoch [63/600] Loss: 0.012957
Epoch [64/600] Loss: 0.012961
Epoch [65/600] Loss: 0.012950
Epoch [66/600] Loss: 0.012947
Epoch [67/600] Loss: 0.012950
Epoch [68/600] Loss: 0.012924
Epoch [69/600] Loss: 0.012937
Epoch [70/600] Loss: 0.012927
Epoch [71/600] Loss: 0.012927
Epoch [72/600] Loss: 0.012935
Epoch [73/600] Loss: 0.012928
Epoch [74/600] Loss: 0.012909
Epoch [75/600] Loss: 0.012915
Epoch [76/600] Loss: 0.012905
Epoch [77/600] Loss: 0.012906
Epoch [78/600] Loss: 0.012915
Epoch [79/600] Loss: 0.012901
Epoch [80/600] Loss: 0.012898
Epoch [81/600] Loss: 0.012892
Epoch [82/600] Loss: 0.012902
Epoch [83/600] Loss: 0.012900
Epoch [84/600] Loss: 0.012892
Epoch [85/600] Loss: 0.012888
Epoch [86/600] Loss: 0.012886
Epoch [87/600] Loss: 0.012889
Epoch [88/600] Loss: 0.012874
Epoch [89/600] Loss: 0.012880
Epoch [90/600] Loss: 0.012874
Epoch [91/600] Loss: 0.012889
Epoch [92/600] Loss: 0.012867
Epoch [93/600] Loss: 0.012876
Epoch [94/600] Loss: 0.012870
Epoch [95/600] Loss: 0.012870
Epoch [96/600] Loss: 0.012861
Epoch [97/600] Loss: 0.012853
Epoch [98/600] Loss: 0.012861
Epoch [99/600] Loss: 0.012859
Epoch [100/600] Loss: 0.012850 | Val PSNR: 37.4472
Epoch [101/600] Loss: 0.012858
Epoch [102/600] Loss: 0.012851
Epoch [103/600] Loss: 0.012847
Epoch [104/600] Loss: 0.012849
Epoch [105/600] Loss: 0.012851
Epoch [106/600] Loss: 0.012849
Epoch [107/600] Loss: 0.012846
Epoch [108/600] Loss: 0.012846
Epoch [109/600] Loss: 0.012831
Epoch [110/600] Loss: 0.012837
Epoch [111/600] Loss: 0.012831
Epoch [112/600] Loss: 0.012831
Epoch [113/600] Loss: 0.012847
Epoch [114/600] Loss: 0.012824
Epoch [115/600] Loss: 0.012824
Epoch [116/600] Loss: 0.012835
Epoch [117/600] Loss: 0.012825
Epoch [118/600] Loss: 0.012818
Epoch [119/600] Loss: 0.012810
Epoch [120/600] Loss: 0.012831
Epoch [121/600] Loss: 0.012823
Epoch [122/600] Loss: 0.012812
Epoch [123/600] Loss: 0.012821
Epoch [124/600] Loss: 0.012807
Epoch [125/600] Loss: 0.012815
Epoch [126/600] Loss: 0.012799
Epoch [127/600] Loss: 0.012806
Epoch [128/600] Loss: 0.012814
Epoch [129/600] Loss: 0.012796
Epoch [130/600] Loss: 0.012806
Epoch [131/600] Loss: 0.012804
Epoch [132/600] Loss: 0.012812
Epoch [133/600] Loss: 0.012812
Epoch [134/600] Loss: 0.012784
Epoch [135/600] Loss: 0.012800
Epoch [136/600] Loss: 0.012796
Epoch [137/600] Loss: 0.012785
Epoch [138/600] Loss: 0.012802
Epoch [139/600] Loss: 0.012786
Epoch [140/600] Loss: 0.012781
Epoch [141/600] Loss: 0.012797
Epoch [142/600] Loss: 0.012799
Epoch [143/600] Loss: 0.012791
Epoch [144/600] Loss: 0.012788
Epoch [145/600] Loss: 0.012795
Epoch [146/600] Loss: 0.012781
Epoch [147/600] Loss: 0.012781
Epoch [148/600] Loss: 0.012781
Epoch [149/600] Loss: 0.012781
Epoch [150/600] Loss: 0.012785 | Val PSNR: 37.5638
  New best model saved (PSNR: 37.5638)
Epoch [151/600] Loss: 0.012784
Epoch [152/600] Loss: 0.012771
Epoch [153/600] Loss: 0.012772
Epoch [154/600] Loss: 0.012773
Epoch [155/600] Loss: 0.012768
Epoch [156/600] Loss: 0.012765
Epoch [157/600] Loss: 0.012778
Epoch [158/600] Loss: 0.012769
Epoch [159/600] Loss: 0.012764
Epoch [160/600] Loss: 0.012770
Epoch [161/600] Loss: 0.012760
Epoch [162/600] Loss: 0.012772
Epoch [163/600] Loss: 0.012762
Epoch [164/600] Loss: 0.012765
Epoch [165/600] Loss: 0.012759
Epoch [166/600] Loss: 0.012774
Epoch [167/600] Loss: 0.012758
Epoch [168/600] Loss: 0.012775
Epoch [169/600] Loss: 0.012755
Epoch [170/600] Loss: 0.012750
Epoch [171/600] Loss: 0.012750
Epoch [172/600] Loss: 0.012770
Epoch [173/600] Loss: 0.012757
Epoch [174/600] Loss: 0.012759
Epoch [175/600] Loss: 0.012750
Epoch [176/600] Loss: 0.012752
Epoch [177/600] Loss: 0.012756
Epoch [178/600] Loss: 0.012750
Epoch [179/600] Loss: 0.012754
Epoch [180/600] Loss: 0.012754
Epoch [181/600] Loss: 0.012741
Epoch [182/600] Loss: 0.012751
Epoch [183/600] Loss: 0.012743
Epoch [184/600] Loss: 0.012745
Epoch [185/600] Loss: 0.012749
Epoch [186/600] Loss: 0.012740
Epoch [187/600] Loss: 0.012747
Epoch [188/600] Loss: 0.012746
Epoch [189/600] Loss: 0.012743
Epoch [190/600] Loss: 0.012746
Epoch [191/600] Loss: 0.012732
Epoch [192/600] Loss: 0.012741
Epoch [193/600] Loss: 0.012747
Epoch [194/600] Loss: 0.012741
Epoch [195/600] Loss: 0.012743
Epoch [196/600] Loss: 0.012732
Epoch [197/600] Loss: 0.012743
Epoch [198/600] Loss: 0.012725
Epoch [199/600] Loss: 0.012735
Epoch [200/600] Loss: 0.012740 | Val PSNR: 37.6599
  New best model saved (PSNR: 37.6599)
Epoch [201/600] Loss: 0.012633
Epoch [202/600] Loss: 0.012633
Epoch [203/600] Loss: 0.012637
Epoch [204/600] Loss: 0.012628
Epoch [205/600] Loss: 0.012626
Epoch [206/600] Loss: 0.012627
Epoch [207/600] Loss: 0.012629
Epoch [208/600] Loss: 0.012628
Epoch [209/600] Loss: 0.012628
Epoch [210/600] Loss: 0.012623
Epoch [211/600] Loss: 0.012624
Epoch [212/600] Loss: 0.012622
Epoch [213/600] Loss: 0.012624
Epoch [214/600] Loss: 0.012625
Epoch [215/600] Loss: 0.012623
Epoch [216/600] Loss: 0.012625
Epoch [217/600] Loss: 0.012618
Epoch [218/600] Loss: 0.012622
Epoch [219/600] Loss: 0.012619
Epoch [220/600] Loss: 0.012620
Epoch [221/600] Loss: 0.012622
Epoch [222/600] Loss: 0.012618
Epoch [223/600] Loss: 0.012616
Epoch [224/600] Loss: 0.012620
Epoch [225/600] Loss: 0.012622
Epoch [226/600] Loss: 0.012617
Epoch [227/600] Loss: 0.012620
Epoch [228/600] Loss: 0.012619
Epoch [229/600] Loss: 0.012614
Epoch [230/600] Loss: 0.012615
Epoch [231/600] Loss: 0.012616
Epoch [232/600] Loss: 0.012621
Epoch [233/600] Loss: 0.012616
Epoch [234/600] Loss: 0.012615
Epoch [235/600] Loss: 0.012620
Epoch [236/600] Loss: 0.012615
Epoch [237/600] Loss: 0.012614
Epoch [238/600] Loss: 0.012611
Epoch [239/600] Loss: 0.012611
Epoch [240/600] Loss: 0.012616
Epoch [241/600] Loss: 0.012615
Epoch [242/600] Loss: 0.012610
Epoch [243/600] Loss: 0.012611
Epoch [244/600] Loss: 0.012614
Epoch [245/600] Loss: 0.012606
Epoch [246/600] Loss: 0.012609
Epoch [247/600] Loss: 0.012612
Epoch [248/600] Loss: 0.012612
Epoch [249/600] Loss: 0.012613
Epoch [250/600] Loss: 0.012609 | Val PSNR: 37.7179
  New best model saved (PSNR: 37.7179)
Epoch [251/600] Loss: 0.012608
Epoch [252/600] Loss: 0.012612
Epoch [253/600] Loss: 0.012610
Epoch [254/600] Loss: 0.012607
Epoch [255/600] Loss: 0.012603
Epoch [256/600] Loss: 0.012612
Epoch [257/600] Loss: 0.012609
Epoch [258/600] Loss: 0.012609
Epoch [259/600] Loss: 0.012604
Epoch [260/600] Loss: 0.012604
Epoch [261/600] Loss: 0.012608
Epoch [262/600] Loss: 0.012610
Epoch [263/600] Loss: 0.012611
Epoch [264/600] Loss: 0.012604
Epoch [265/600] Loss: 0.012606
Epoch [266/600] Loss: 0.012605
Epoch [267/600] Loss: 0.012599
Epoch [268/600] Loss: 0.012605
Epoch [269/600] Loss: 0.012605
Epoch [270/600] Loss: 0.012608
Epoch [271/600] Loss: 0.012605
Epoch [272/600] Loss: 0.012601
Epoch [273/600] Loss: 0.012605
Epoch [274/600] Loss: 0.012604
Epoch [275/600] Loss: 0.012601
Epoch [276/600] Loss: 0.012600
Epoch [277/600] Loss: 0.012604
Epoch [278/600] Loss: 0.012599
Epoch [279/600] Loss: 0.012604
Epoch [280/600] Loss: 0.012601
Epoch [281/600] Loss: 0.012602
Epoch [282/600] Loss: 0.012597
Epoch [283/600] Loss: 0.012600
Epoch [284/600] Loss: 0.012598
Epoch [285/600] Loss: 0.012600
Epoch [286/600] Loss: 0.012601
Epoch [287/600] Loss: 0.012603
Epoch [288/600] Loss: 0.012602
Epoch [289/600] Loss: 0.012601
Epoch [290/600] Loss: 0.012600
Epoch [291/600] Loss: 0.012597
Epoch [292/600] Loss: 0.012597
Epoch [293/600] Loss: 0.012591
Epoch [294/600] Loss: 0.012597
Epoch [295/600] Loss: 0.012599
Epoch [296/600] Loss: 0.012593
Epoch [297/600] Loss: 0.012600
Epoch [298/600] Loss: 0.012592
Epoch [299/600] Loss: 0.012596
Epoch [300/600] Loss: 0.012603 | Val PSNR: 37.6392
Epoch [301/600] Loss: 0.012597
Epoch [302/600] Loss: 0.012599
Epoch [303/600] Loss: 0.012593
Epoch [304/600] Loss: 0.012592
Epoch [305/600] Loss: 0.012589
Epoch [306/600] Loss: 0.012595
Epoch [307/600] Loss: 0.012593
Epoch [308/600] Loss: 0.012598
Epoch [309/600] Loss: 0.012595
Epoch [310/600] Loss: 0.012598
Epoch [311/600] Loss: 0.012593
Epoch [312/600] Loss: 0.012598
Epoch [313/600] Loss: 0.012587
Epoch [314/600] Loss: 0.012597
Epoch [315/600] Loss: 0.012597
Epoch [316/600] Loss: 0.012593
Epoch [317/600] Loss: 0.012590
Epoch [318/600] Loss: 0.012591
Epoch [319/600] Loss: 0.012595
Epoch [320/600] Loss: 0.012593
Epoch [321/600] Loss: 0.012592
Epoch [322/600] Loss: 0.012590
Epoch [323/600] Loss: 0.012592
Epoch [324/600] Loss: 0.012588
Epoch [325/600] Loss: 0.012589
Epoch [326/600] Loss: 0.012584
Epoch [327/600] Loss: 0.012591
Epoch [328/600] Loss: 0.012588
Epoch [329/600] Loss: 0.012589
Epoch [330/600] Loss: 0.012587
Epoch [331/600] Loss: 0.012591
Epoch [332/600] Loss: 0.012590
Epoch [333/600] Loss: 0.012588
Epoch [334/600] Loss: 0.012590
Epoch [335/600] Loss: 0.012586
Epoch [336/600] Loss: 0.012596
Epoch [337/600] Loss: 0.012594
Epoch [338/600] Loss: 0.012584
Epoch [339/600] Loss: 0.012586
Epoch [340/600] Loss: 0.012587
Epoch [341/600] Loss: 0.012586
Epoch [342/600] Loss: 0.012589
Epoch [343/600] Loss: 0.012588
Epoch [344/600] Loss: 0.012586
Epoch [345/600] Loss: 0.012585
Epoch [346/600] Loss: 0.012585
Epoch [347/600] Loss: 0.012586
Epoch [348/600] Loss: 0.012585
Epoch [349/600] Loss: 0.012586
Epoch [350/600] Loss: 0.012589 | Val PSNR: 37.7408
  New best model saved (PSNR: 37.7408)
Epoch [351/600] Loss: 0.012588
Epoch [352/600] Loss: 0.012584
Epoch [353/600] Loss: 0.012585
Epoch [354/600] Loss: 0.012583
Epoch [355/600] Loss: 0.012584
Epoch [356/600] Loss: 0.012585
Epoch [357/600] Loss: 0.012582
Epoch [358/600] Loss: 0.012583
Epoch [359/600] Loss: 0.012582
Epoch [360/600] Loss: 0.012580
Epoch [361/600] Loss: 0.012583
Epoch [362/600] Loss: 0.012587
Epoch [363/600] Loss: 0.012583
Epoch [364/600] Loss: 0.012579
Epoch [365/600] Loss: 0.012585
Epoch [366/600] Loss: 0.012576
Epoch [367/600] Loss: 0.012583
Epoch [368/600] Loss: 0.012581
Epoch [369/600] Loss: 0.012579
Epoch [370/600] Loss: 0.012580
Epoch [371/600] Loss: 0.012582
Epoch [372/600] Loss: 0.012585
Epoch [373/600] Loss: 0.012576
Epoch [374/600] Loss: 0.012578
Epoch [375/600] Loss: 0.012581
Epoch [376/600] Loss: 0.012586
Epoch [377/600] Loss: 0.012578
Epoch [378/600] Loss: 0.012583
Epoch [379/600] Loss: 0.012578
Epoch [380/600] Loss: 0.012575
Epoch [381/600] Loss: 0.012581
Epoch [382/600] Loss: 0.012580
Epoch [383/600] Loss: 0.012582
Epoch [384/600] Loss: 0.012579
Epoch [385/600] Loss: 0.012578
Epoch [386/600] Loss: 0.012578
Epoch [387/600] Loss: 0.012578
Epoch [388/600] Loss: 0.012578
Epoch [389/600] Loss: 0.012579
Epoch [390/600] Loss: 0.012576
Epoch [391/600] Loss: 0.012578
Epoch [392/600] Loss: 0.012576
Epoch [393/600] Loss: 0.012577
Epoch [394/600] Loss: 0.012579
Epoch [395/600] Loss: 0.012576
Epoch [396/600] Loss: 0.012576
Epoch [397/600] Loss: 0.012581
Epoch [398/600] Loss: 0.012578
Epoch [399/600] Loss: 0.012575
Epoch [400/600] Loss: 0.012576 | Val PSNR: 37.7497
  New best model saved (PSNR: 37.7497)
Epoch [401/600] Loss: 0.012527
Epoch [402/600] Loss: 0.012525
Epoch [403/600] Loss: 0.012526
Epoch [404/600] Loss: 0.012524
Epoch [405/600] Loss: 0.012527
Epoch [406/600] Loss: 0.012523
Epoch [407/600] Loss: 0.012526
Epoch [408/600] Loss: 0.012523
Epoch [409/600] Loss: 0.012520
Epoch [410/600] Loss: 0.012524
Epoch [411/600] Loss: 0.012521
Epoch [412/600] Loss: 0.012523
Epoch [413/600] Loss: 0.012524
Epoch [414/600] Loss: 0.012520
Epoch [415/600] Loss: 0.012522
Epoch [416/600] Loss: 0.012524
Epoch [417/600] Loss: 0.012522
Epoch [418/600] Loss: 0.012521
Epoch [419/600] Loss: 0.012524
Epoch [420/600] Loss: 0.012521
Epoch [421/600] Loss: 0.012521
Epoch [422/600] Loss: 0.012523
Epoch [423/600] Loss: 0.012521
Epoch [424/600] Loss: 0.012523
Epoch [425/600] Loss: 0.012518
Epoch [426/600] Loss: 0.012519
Epoch [427/600] Loss: 0.012523
Epoch [428/600] Loss: 0.012519
Epoch [429/600] Loss: 0.012520
Epoch [430/600] Loss: 0.012517
Epoch [431/600] Loss: 0.012518
Epoch [432/600] Loss: 0.012516
Epoch [433/600] Loss: 0.012517
Epoch [434/600] Loss: 0.012515
Epoch [435/600] Loss: 0.012517
Epoch [436/600] Loss: 0.012521
Epoch [437/600] Loss: 0.012521
Epoch [438/600] Loss: 0.012517
Epoch [439/600] Loss: 0.012516
Epoch [440/600] Loss: 0.012515
Epoch [441/600] Loss: 0.012519
Epoch [442/600] Loss: 0.012518
Epoch [443/600] Loss: 0.012516
Epoch [444/600] Loss: 0.012522
Epoch [445/600] Loss: 0.012517
Epoch [446/600] Loss: 0.012520
Epoch [447/600] Loss: 0.012521
Epoch [448/600] Loss: 0.012519
Epoch [449/600] Loss: 0.012515
Epoch [450/600] Loss: 0.012516 | Val PSNR: 37.7662
  New best model saved (PSNR: 37.7662)
Epoch [451/600] Loss: 0.012517
Epoch [452/600] Loss: 0.012518
Epoch [453/600] Loss: 0.012516
Epoch [454/600] Loss: 0.012515
Epoch [455/600] Loss: 0.012516
Epoch [456/600] Loss: 0.012515
Epoch [457/600] Loss: 0.012517
Epoch [458/600] Loss: 0.012518
Epoch [459/600] Loss: 0.012515
Epoch [460/600] Loss: 0.012517
Epoch [461/600] Loss: 0.012518
Epoch [462/600] Loss: 0.012516
Epoch [463/600] Loss: 0.012519
Epoch [464/600] Loss: 0.012516
Epoch [465/600] Loss: 0.012514
Epoch [466/600] Loss: 0.012515
Epoch [467/600] Loss: 0.012515
Epoch [468/600] Loss: 0.012515
Epoch [469/600] Loss: 0.012514
Epoch [470/600] Loss: 0.012518
Epoch [471/600] Loss: 0.012514
Epoch [472/600] Loss: 0.012516
Epoch [473/600] Loss: 0.012513
Epoch [474/600] Loss: 0.012514
Epoch [475/600] Loss: 0.012515
Epoch [476/600] Loss: 0.012513
Epoch [477/600] Loss: 0.012516
Epoch [478/600] Loss: 0.012517
Epoch [479/600] Loss: 0.012515
Epoch [480/600] Loss: 0.012512
Epoch [481/600] Loss: 0.012514
Epoch [482/600] Loss: 0.012518
Epoch [483/600] Loss: 0.012514
Epoch [484/600] Loss: 0.012517
Epoch [485/600] Loss: 0.012515
Epoch [486/600] Loss: 0.012514
Epoch [487/600] Loss: 0.012514
Epoch [488/600] Loss: 0.012514
Epoch [489/600] Loss: 0.012512
Epoch [490/600] Loss: 0.012513
Epoch [491/600] Loss: 0.012511
Epoch [492/600] Loss: 0.012514
Epoch [493/600] Loss: 0.012512
Epoch [494/600] Loss: 0.012512
Epoch [495/600] Loss: 0.012512
Epoch [496/600] Loss: 0.012510
Epoch [497/600] Loss: 0.012510
Epoch [498/600] Loss: 0.012511
Epoch [499/600] Loss: 0.012514
Epoch [500/600] Loss: 0.012513 | Val PSNR: 37.7713
  New best model saved (PSNR: 37.7713)
Epoch [501/600] Loss: 0.012511
Epoch [502/600] Loss: 0.012514
Epoch [503/600] Loss: 0.012515
Epoch [504/600] Loss: 0.012512
Epoch [505/600] Loss: 0.012513
Epoch [506/600] Loss: 0.012513
Epoch [507/600] Loss: 0.012513
Epoch [508/600] Loss: 0.012512
Epoch [509/600] Loss: 0.012512
Epoch [510/600] Loss: 0.012509
Epoch [511/600] Loss: 0.012508
Epoch [512/600] Loss: 0.012512
Epoch [513/600] Loss: 0.012511
Epoch [514/600] Loss: 0.012509
Epoch [515/600] Loss: 0.012510
Epoch [516/600] Loss: 0.012510
Epoch [517/600] Loss: 0.012511
Epoch [518/600] Loss: 0.012506
Epoch [519/600] Loss: 0.012510
Epoch [520/600] Loss: 0.012512
Epoch [521/600] Loss: 0.012512
Epoch [522/600] Loss: 0.012508
Epoch [523/600] Loss: 0.012514
Epoch [524/600] Loss: 0.012512
Epoch [525/600] Loss: 0.012510
Epoch [526/600] Loss: 0.012513
Epoch [527/600] Loss: 0.012509
Epoch [528/600] Loss: 0.012512
Epoch [529/600] Loss: 0.012509
Epoch [530/600] Loss: 0.012511
Epoch [531/600] Loss: 0.012511
Epoch [532/600] Loss: 0.012511
Epoch [533/600] Loss: 0.012511
Epoch [534/600] Loss: 0.012512
Epoch [535/600] Loss: 0.012509
Epoch [536/600] Loss: 0.012512
Epoch [537/600] Loss: 0.012509
Epoch [538/600] Loss: 0.012510
Epoch [539/600] Loss: 0.012512
Epoch [540/600] Loss: 0.012508
Epoch [541/600] Loss: 0.012508
Epoch [542/600] Loss: 0.012513
Epoch [543/600] Loss: 0.012510
Epoch [544/600] Loss: 0.012508
Epoch [545/600] Loss: 0.012508
Epoch [546/600] Loss: 0.012512
Epoch [547/600] Loss: 0.012513
Epoch [548/600] Loss: 0.012510
Epoch [549/600] Loss: 0.012510
Epoch [550/600] Loss: 0.012511 | Val PSNR: 37.7684
Epoch [551/600] Loss: 0.012510
Epoch [552/600] Loss: 0.012507
Epoch [553/600] Loss: 0.012512
Epoch [554/600] Loss: 0.012509
Epoch [555/600] Loss: 0.012510
Epoch [556/600] Loss: 0.012507
Epoch [557/600] Loss: 0.012510
Epoch [558/600] Loss: 0.012506
Epoch [559/600] Loss: 0.012509
Epoch [560/600] Loss: 0.012511
Epoch [561/600] Loss: 0.012508
Epoch [562/600] Loss: 0.012507
Epoch [563/600] Loss: 0.012509
Epoch [564/600] Loss: 0.012510
Epoch [565/600] Loss: 0.012509
Epoch [566/600] Loss: 0.012509
Epoch [567/600] Loss: 0.012506
Epoch [568/600] Loss: 0.012505
Epoch [569/600] Loss: 0.012507
Epoch [570/600] Loss: 0.012508
Epoch [571/600] Loss: 0.012510
Epoch [572/600] Loss: 0.012507
Epoch [573/600] Loss: 0.012505
Epoch [574/600] Loss: 0.012505
Epoch [575/600] Loss: 0.012506
Epoch [576/600] Loss: 0.012504
Epoch [577/600] Loss: 0.012505
Epoch [578/600] Loss: 0.012507
Epoch [579/600] Loss: 0.012506
Epoch [580/600] Loss: 0.012507
Epoch [581/600] Loss: 0.012506
Epoch [582/600] Loss: 0.012505
Epoch [583/600] Loss: 0.012504
Epoch [584/600] Loss: 0.012504
Epoch [585/600] Loss: 0.012509
Epoch [586/600] Loss: 0.012507
Epoch [587/600] Loss: 0.012504
Epoch [588/600] Loss: 0.012505
Epoch [589/600] Loss: 0.012508
Epoch [590/600] Loss: 0.012502
Epoch [591/600] Loss: 0.012506
Epoch [592/600] Loss: 0.012506
Epoch [593/600] Loss: 0.012505
Epoch [594/600] Loss: 0.012504
Epoch [595/600] Loss: 0.012504
Epoch [596/600] Loss: 0.012504
Epoch [597/600] Loss: 0.012504
Epoch [598/600] Loss: 0.012507
Epoch [599/600] Loss: 0.012508
Epoch [600/600] Loss: 0.012506 | Val PSNR: 37.7743
  New best model saved (PSNR: 37.7743)
