Using device: cuda, AMP: True
Model: edgesr, Parameters: 1,436,931
Resumed from epoch 750
Epoch [751/1100] Loss: 0.090773
Epoch [752/1100] Loss: 0.091134
Epoch [753/1100] Loss: 0.090885
Epoch [754/1100] Loss: 0.090599
Epoch [755/1100] Loss: 0.090974
Epoch [756/1100] Loss: 0.090681
Epoch [757/1100] Loss: 0.090701
Epoch [758/1100] Loss: 0.090835
Epoch [759/1100] Loss: 0.090674
Epoch [760/1100] Loss: 0.090819
Epoch [761/1100] Loss: 0.090324
Epoch [762/1100] Loss: 0.090783
Epoch [763/1100] Loss: 0.090818
Epoch [764/1100] Loss: 0.090590
Epoch [765/1100] Loss: 0.090601
Epoch [766/1100] Loss: 0.090556
Epoch [767/1100] Loss: 0.090525
Epoch [768/1100] Loss: 0.090609
Epoch [769/1100] Loss: 0.090407
Epoch [770/1100] Loss: 0.090349
Epoch [771/1100] Loss: 0.090476
Epoch [772/1100] Loss: 0.090760
Epoch [773/1100] Loss: 0.090555
Epoch [774/1100] Loss: 0.090946
Epoch [775/1100] Loss: 0.090802
Epoch [776/1100] Loss: 0.090549
Epoch [777/1100] Loss: 0.090648
Epoch [778/1100] Loss: 0.090414
Epoch [779/1100] Loss: 0.090624
Epoch [780/1100] Loss: 0.090700
Epoch [781/1100] Loss: 0.090485
Epoch [782/1100] Loss: 0.090461
Epoch [783/1100] Loss: 0.090433
Epoch [784/1100] Loss: 0.090516
Epoch [785/1100] Loss: 0.090539
Epoch [786/1100] Loss: 0.090297
Epoch [787/1100] Loss: 0.090648
Epoch [788/1100] Loss: 0.090214
Epoch [789/1100] Loss: 0.090414
Epoch [790/1100] Loss: 0.090189
Epoch [791/1100] Loss: 0.090375
Epoch [792/1100] Loss: 0.090204
Epoch [793/1100] Loss: 0.090448
Epoch [794/1100] Loss: 0.090301
Epoch [795/1100] Loss: 0.090193
Epoch [796/1100] Loss: 0.090502
Epoch [797/1100] Loss: 0.090474
Epoch [798/1100] Loss: 0.090488
Epoch [799/1100] Loss: 0.090387
Epoch [800/1100] Loss: 0.090122 | Val PSNR: 24.6895
  New best model saved (PSNR: 24.6895)
Epoch [801/1100] Loss: 0.090228
Epoch [802/1100] Loss: 0.090477
Epoch [803/1100] Loss: 0.090222
Epoch [804/1100] Loss: 0.090180
Epoch [805/1100] Loss: 0.090331
Epoch [806/1100] Loss: 0.090045
Epoch [807/1100] Loss: 0.090104
Epoch [808/1100] Loss: 0.090047
Epoch [809/1100] Loss: 0.089889
Epoch [810/1100] Loss: 0.089914
Epoch [811/1100] Loss: 0.089755
Epoch [812/1100] Loss: 0.090303
Epoch [813/1100] Loss: 0.090090
Epoch [814/1100] Loss: 0.090057
Epoch [815/1100] Loss: 0.089875
Epoch [816/1100] Loss: 0.090074
Epoch [817/1100] Loss: 0.090067
Epoch [818/1100] Loss: 0.089805
Epoch [819/1100] Loss: 0.089921
Epoch [820/1100] Loss: 0.089933
Epoch [821/1100] Loss: 0.090086
Epoch [822/1100] Loss: 0.090081
Epoch [823/1100] Loss: 0.089844
Epoch [824/1100] Loss: 0.089637
Epoch [825/1100] Loss: 0.089843
Epoch [826/1100] Loss: 0.089883
Epoch [827/1100] Loss: 0.089710
Epoch [828/1100] Loss: 0.090116
Epoch [829/1100] Loss: 0.089581
Epoch [830/1100] Loss: 0.089729
Epoch [831/1100] Loss: 0.089943
Epoch [832/1100] Loss: 0.089952
Epoch [833/1100] Loss: 0.089944
Epoch [834/1100] Loss: 0.090032
Epoch [835/1100] Loss: 0.090200
Epoch [836/1100] Loss: 0.090024
Epoch [837/1100] Loss: 0.090177
Epoch [838/1100] Loss: 0.089779
Epoch [839/1100] Loss: 0.089872
Epoch [840/1100] Loss: 0.090058
Epoch [841/1100] Loss: 0.089930
Epoch [842/1100] Loss: 0.089270
Epoch [843/1100] Loss: 0.089686
Epoch [844/1100] Loss: 0.089649
Epoch [845/1100] Loss: 0.089736
Epoch [846/1100] Loss: 0.090207
Epoch [847/1100] Loss: 0.090104
Epoch [848/1100] Loss: 0.089995
Epoch [849/1100] Loss: 0.089922
Epoch [850/1100] Loss: 0.089792 | Val PSNR: 24.6889
Epoch [851/1100] Loss: 0.089557
Epoch [852/1100] Loss: 0.089443
Epoch [853/1100] Loss: 0.090028
Epoch [854/1100] Loss: 0.089829
Epoch [855/1100] Loss: 0.090037
Epoch [856/1100] Loss: 0.089876
Epoch [857/1100] Loss: 0.090027
Epoch [858/1100] Loss: 0.090029
Epoch [859/1100] Loss: 0.089676
Epoch [860/1100] Loss: 0.089702
Epoch [861/1100] Loss: 0.090015
Epoch [862/1100] Loss: 0.089724
Epoch [863/1100] Loss: 0.089893
Epoch [864/1100] Loss: 0.090047
Epoch [865/1100] Loss: 0.089662
Epoch [866/1100] Loss: 0.089922
Epoch [867/1100] Loss: 0.089777
Epoch [868/1100] Loss: 0.089698
Epoch [869/1100] Loss: 0.089487
Epoch [870/1100] Loss: 0.089608
Epoch [871/1100] Loss: 0.089570
Epoch [872/1100] Loss: 0.089791
Epoch [873/1100] Loss: 0.089789
Epoch [874/1100] Loss: 0.089731
Epoch [875/1100] Loss: 0.089673
Epoch [876/1100] Loss: 0.089948
Epoch [877/1100] Loss: 0.089794
Epoch [878/1100] Loss: 0.089764
Epoch [879/1100] Loss: 0.089584
Epoch [880/1100] Loss: 0.090061
Epoch [881/1100] Loss: 0.090111
Epoch [882/1100] Loss: 0.089469
Epoch [883/1100] Loss: 0.089779
Epoch [884/1100] Loss: 0.089775
Epoch [885/1100] Loss: 0.090154
Epoch [886/1100] Loss: 0.089893
Epoch [887/1100] Loss: 0.089701
Epoch [888/1100] Loss: 0.089599
Epoch [889/1100] Loss: 0.089668
Epoch [890/1100] Loss: 0.089779
Epoch [891/1100] Loss: 0.089647
Epoch [892/1100] Loss: 0.089537
Epoch [893/1100] Loss: 0.089774
Epoch [894/1100] Loss: 0.089699
Epoch [895/1100] Loss: 0.089671
Epoch [896/1100] Loss: 0.089836
Epoch [897/1100] Loss: 0.090090
Epoch [898/1100] Loss: 0.089661
Epoch [899/1100] Loss: 0.089960
Epoch [900/1100] Loss: 0.089823 | Val PSNR: 24.7216
  New best model saved (PSNR: 24.7216)
Epoch [901/1100] Loss: 0.089807
Epoch [902/1100] Loss: 0.089622
Epoch [903/1100] Loss: 0.089731
Epoch [904/1100] Loss: 0.089644
Epoch [905/1100] Loss: 0.089757
Epoch [906/1100] Loss: 0.089691
Epoch [907/1100] Loss: 0.089713
Epoch [908/1100] Loss: 0.089777
Epoch [909/1100] Loss: 0.089664
Epoch [910/1100] Loss: 0.089576
Epoch [911/1100] Loss: 0.089935
Epoch [912/1100] Loss: 0.089826
Epoch [913/1100] Loss: 0.089506
Epoch [914/1100] Loss: 0.089681
Epoch [915/1100] Loss: 0.089552
Epoch [916/1100] Loss: 0.089882
Epoch [917/1100] Loss: 0.089613
Epoch [918/1100] Loss: 0.089570
Epoch [919/1100] Loss: 0.089957
Epoch [920/1100] Loss: 0.089494
Epoch [921/1100] Loss: 0.089301
Epoch [922/1100] Loss: 0.089475
Epoch [923/1100] Loss: 0.090024
Epoch [924/1100] Loss: 0.089673
Epoch [925/1100] Loss: 0.089595
Epoch [926/1100] Loss: 0.089951
Epoch [927/1100] Loss: 0.089788
Epoch [928/1100] Loss: 0.089585
Epoch [929/1100] Loss: 0.089875
Epoch [930/1100] Loss: 0.089784
Epoch [931/1100] Loss: 0.089792
Epoch [932/1100] Loss: 0.089620
Epoch [933/1100] Loss: 0.089565
Epoch [934/1100] Loss: 0.089390
Epoch [935/1100] Loss: 0.089918
Epoch [936/1100] Loss: 0.089507
Epoch [937/1100] Loss: 0.089772
Epoch [938/1100] Loss: 0.089743
Epoch [939/1100] Loss: 0.089859
Epoch [940/1100] Loss: 0.089438
Epoch [941/1100] Loss: 0.089667
Epoch [942/1100] Loss: 0.089830
Epoch [943/1100] Loss: 0.089366
Epoch [944/1100] Loss: 0.089312
Epoch [945/1100] Loss: 0.089419
Epoch [946/1100] Loss: 0.089672
Epoch [947/1100] Loss: 0.089433
Epoch [948/1100] Loss: 0.089562
Epoch [949/1100] Loss: 0.089609
Epoch [950/1100] Loss: 0.089631 | Val PSNR: 24.7481
  New best model saved (PSNR: 24.7481)
Epoch [951/1100] Loss: 0.089468
Epoch [952/1100] Loss: 0.089632
Epoch [953/1100] Loss: 0.089681
Epoch [954/1100] Loss: 0.089597
Epoch [955/1100] Loss: 0.089250
Epoch [956/1100] Loss: 0.089532
Epoch [957/1100] Loss: 0.089670
Epoch [958/1100] Loss: 0.089380
Epoch [959/1100] Loss: 0.089207
Epoch [960/1100] Loss: 0.089712
Epoch [961/1100] Loss: 0.089301
Epoch [962/1100] Loss: 0.089414
Epoch [963/1100] Loss: 0.089658
Epoch [964/1100] Loss: 0.089820
Epoch [965/1100] Loss: 0.089603
Epoch [966/1100] Loss: 0.089489
Epoch [967/1100] Loss: 0.089462
Epoch [968/1100] Loss: 0.089436
Epoch [969/1100] Loss: 0.089315
Epoch [970/1100] Loss: 0.089807
Epoch [971/1100] Loss: 0.089756
Epoch [972/1100] Loss: 0.089597
Epoch [973/1100] Loss: 0.089398
Epoch [974/1100] Loss: 0.089445
Epoch [975/1100] Loss: 0.089732
Epoch [976/1100] Loss: 0.089520
Epoch [977/1100] Loss: 0.089563
Epoch [978/1100] Loss: 0.089687
Epoch [979/1100] Loss: 0.089515
Epoch [980/1100] Loss: 0.089778
Epoch [981/1100] Loss: 0.089425
Epoch [982/1100] Loss: 0.089515
Epoch [983/1100] Loss: 0.089208
Epoch [984/1100] Loss: 0.089276
Epoch [985/1100] Loss: 0.089750
Epoch [986/1100] Loss: 0.089502
Epoch [987/1100] Loss: 0.090065
Epoch [988/1100] Loss: 0.089330
Epoch [989/1100] Loss: 0.089592
Epoch [990/1100] Loss: 0.089298
Epoch [991/1100] Loss: 0.089626
Epoch [992/1100] Loss: 0.089503
Epoch [993/1100] Loss: 0.089449
Epoch [994/1100] Loss: 0.089951
Epoch [995/1100] Loss: 0.089286
Epoch [996/1100] Loss: 0.089418
Epoch [997/1100] Loss: 0.090056
Epoch [998/1100] Loss: 0.089499
Epoch [999/1100] Loss: 0.089423
Epoch [1000/1100] Loss: 0.089663 | Val PSNR: 24.6853
Epoch [1001/1100] Loss: 0.089568
Epoch [1002/1100] Loss: 0.089497
Epoch [1003/1100] Loss: 0.089439
Epoch [1004/1100] Loss: 0.089367
Epoch [1005/1100] Loss: 0.089549
Epoch [1006/1100] Loss: 0.089345
Epoch [1007/1100] Loss: 0.089429
Epoch [1008/1100] Loss: 0.089480
Epoch [1009/1100] Loss: 0.089207
Epoch [1010/1100] Loss: 0.089525
Epoch [1011/1100] Loss: 0.089103
Epoch [1012/1100] Loss: 0.089188
Epoch [1013/1100] Loss: 0.089340
Epoch [1014/1100] Loss: 0.089379
Epoch [1015/1100] Loss: 0.089196
Epoch [1016/1100] Loss: 0.089415
Epoch [1017/1100] Loss: 0.089375
Epoch [1018/1100] Loss: 0.089396
Epoch [1019/1100] Loss: 0.089388
Epoch [1020/1100] Loss: 0.089555
Epoch [1021/1100] Loss: 0.089162
Epoch [1022/1100] Loss: 0.089498
Epoch [1023/1100] Loss: 0.089244
Epoch [1024/1100] Loss: 0.089575
Epoch [1025/1100] Loss: 0.089470
Epoch [1026/1100] Loss: 0.089283
Epoch [1027/1100] Loss: 0.089332
Epoch [1028/1100] Loss: 0.089335
Epoch [1029/1100] Loss: 0.089152
Epoch [1030/1100] Loss: 0.089409
Epoch [1031/1100] Loss: 0.089057
Epoch [1032/1100] Loss: 0.089212
Epoch [1033/1100] Loss: 0.089533
Epoch [1034/1100] Loss: 0.089699
Epoch [1035/1100] Loss: 0.089013
Epoch [1036/1100] Loss: 0.089324
Epoch [1037/1100] Loss: 0.089471
Epoch [1038/1100] Loss: 0.089433
Epoch [1039/1100] Loss: 0.089477
Epoch [1040/1100] Loss: 0.089577
Epoch [1041/1100] Loss: 0.089328
Epoch [1042/1100] Loss: 0.089041
Epoch [1043/1100] Loss: 0.089355
Epoch [1044/1100] Loss: 0.089256
Epoch [1045/1100] Loss: 0.089128
Epoch [1046/1100] Loss: 0.089351
Epoch [1047/1100] Loss: 0.089458
Epoch [1048/1100] Loss: 0.089393
Epoch [1049/1100] Loss: 0.089349
Epoch [1050/1100] Loss: 0.089528 | Val PSNR: 24.7534
  New best model saved (PSNR: 24.7534)
Epoch [1051/1100] Loss: 0.089181
Epoch [1052/1100] Loss: 0.089113
Epoch [1053/1100] Loss: 0.089075
Epoch [1054/1100] Loss: 0.089351
Epoch [1055/1100] Loss: 0.089086
Epoch [1056/1100] Loss: 0.089385
Epoch [1057/1100] Loss: 0.089218
Epoch [1058/1100] Loss: 0.089368
Epoch [1059/1100] Loss: 0.089050
Epoch [1060/1100] Loss: 0.089380
Epoch [1061/1100] Loss: 0.088780
Epoch [1062/1100] Loss: 0.089141
Epoch [1063/1100] Loss: 0.089057
Epoch [1064/1100] Loss: 0.089307
Epoch [1065/1100] Loss: 0.089265
Epoch [1066/1100] Loss: 0.089258
Epoch [1067/1100] Loss: 0.089515
Epoch [1068/1100] Loss: 0.089486
Epoch [1069/1100] Loss: 0.089165
Epoch [1070/1100] Loss: 0.088865
Epoch [1071/1100] Loss: 0.088974
Epoch [1072/1100] Loss: 0.089453
Epoch [1073/1100] Loss: 0.089027
Epoch [1074/1100] Loss: 0.089276
Epoch [1075/1100] Loss: 0.088897
Epoch [1076/1100] Loss: 0.089424
Epoch [1077/1100] Loss: 0.089485
Epoch [1078/1100] Loss: 0.089619
Epoch [1079/1100] Loss: 0.089444
Epoch [1080/1100] Loss: 0.089386
Epoch [1081/1100] Loss: 0.089024
Epoch [1082/1100] Loss: 0.089299
Epoch [1083/1100] Loss: 0.089396
Epoch [1084/1100] Loss: 0.089394
Epoch [1085/1100] Loss: 0.089507
Epoch [1086/1100] Loss: 0.089187
Epoch [1087/1100] Loss: 0.089689
Epoch [1088/1100] Loss: 0.089319
Epoch [1089/1100] Loss: 0.089199
Epoch [1090/1100] Loss: 0.089326
Epoch [1091/1100] Loss: 0.089245
Epoch [1092/1100] Loss: 0.089552
Epoch [1093/1100] Loss: 0.089070
Epoch [1094/1100] Loss: 0.089291
Epoch [1095/1100] Loss: 0.089079
Epoch [1096/1100] Loss: 0.089009
Epoch [1097/1100] Loss: 0.089331
Epoch [1098/1100] Loss: 0.088916
Epoch [1099/1100] Loss: 0.088981
Epoch [1100/1100] Loss: 0.089383 | Val PSNR: 24.8032
  New best model saved (PSNR: 24.8032)
